2017-06-05 00:00:00,775-0500 INFO  Loader ARGUMENTS [-runid, run006, -logfile, /share/mike/swift/lab/pw/billing2/swiftest/run006/swift.log, fm3.swift]
2017-06-05 00:00:00,773-0500 DEBUG swift JOB_START jobid=defaultrate
2017-06-05 00:00:00,773-0500 DEBUG swift JOB_START jobid=fmtask_1D
2017-06-05 00:00:00,773-0500 DEBUG swift JOB_START jobid=fmtask_1D_Tuflow
2017-06-05 00:00:00,773-0500 DEBUG swift JOB_START jobid=fmtask_2D
2017-06-05 00:00:00,773-0500 DEBUG swift JOB_START jobid=fmtask_2D_1D
2017-06-05 00:00:00,773-0500 DEBUG swift JOB_START jobid=fmtask_Other
2017-06-05 00:00:00,773-0500 DEBUG swift JOB_START jobid=fmtask_Tuflow
2017-06-05 00:00:20,773-0500 INFO RuntimeStats$ProgressTicker
2017-06-05 00:00:20,773-0500 INFO RuntimeStats$ProgressTicker
2017-06-05 00:00:20,773-0500 INFO RuntimeStats$ProgressTicker
2017-06-05 00:00:20,773-0500 INFO RuntimeStats$ProgressTicker
2017-06-05 00:00:20,773-0500 INFO RuntimeStats$ProgressTicker
2017-06-05 00:00:20,773-0500 INFO RuntimeStats$ProgressTicker
2017-06-05 00:00:20,773-0500 INFO RuntimeStats$ProgressTicker
2017-06-05 00:00:40,773-0500 INFO RuntimeStats$ProgressTicker
2017-06-05 00:00:40,773-0500 INFO RuntimeStats$ProgressTicker
2017-06-05 00:00:40,773-0500 INFO RuntimeStats$ProgressTicker
2017-06-05 00:00:40,773-0500 INFO RuntimeStats$ProgressTicker
2017-06-05 00:00:40,773-0500 INFO RuntimeStats$ProgressTicker
2017-06-05 00:00:40,773-0500 INFO RuntimeStats$ProgressTicker
2017-06-05 00:00:40,773-0500 INFO RuntimeStats$ProgressTicker
2017-06-05 00:01:00,773-0500 INFO RuntimeStats$ProgressTicker
2017-06-05 00:01:00,773-0500 INFO RuntimeStats$ProgressTicker
2017-06-05 00:01:00,773-0500 INFO RuntimeStats$ProgressTicker
2017-06-05 00:01:00,773-0500 INFO RuntimeStats$ProgressTicker
2017-06-05 00:01:00,773-0500 INFO RuntimeStats$ProgressTicker
2017-06-05 00:01:00,773-0500 INFO RuntimeStats$ProgressTicker
2017-06-05 00:01:00,773-0500 INFO RuntimeStats$ProgressTicker
2017-06-05 00:01:20,773-0500 INFO RuntimeStats$ProgressTicker
2017-06-05 00:01:20,773-0500 INFO RuntimeStats$ProgressTicker
2017-06-05 00:01:20,773-0500 INFO RuntimeStats$ProgressTicker
2017-06-05 00:01:20,773-0500 INFO RuntimeStats$ProgressTicker
2017-06-05 00:01:20,773-0500 INFO RuntimeStats$ProgressTicker
2017-06-05 00:01:20,773-0500 INFO RuntimeStats$ProgressTicker
2017-06-05 00:01:20,773-0500 INFO RuntimeStats$ProgressTicker
2017-06-05 00:01:40,773-0500 INFO RuntimeStats$ProgressTicker
2017-06-05 00:01:40,773-0500 INFO RuntimeStats$ProgressTicker
2017-06-05 00:01:40,773-0500 INFO RuntimeStats$ProgressTicker
2017-06-05 00:01:40,773-0500 INFO RuntimeStats$ProgressTicker
2017-06-05 00:01:40,773-0500 INFO RuntimeStats$ProgressTicker
2017-06-05 00:01:40,773-0500 INFO RuntimeStats$ProgressTicker
2017-06-05 00:01:40,773-0500 INFO RuntimeStats$ProgressTicker
2017-06-05 00:02:00,773-0500 INFO RuntimeStats$ProgressTicker
2017-06-05 00:02:00,773-0500 INFO RuntimeStats$ProgressTicker
2017-06-05 00:02:00,773-0500 INFO RuntimeStats$ProgressTicker
2017-06-05 00:02:00,773-0500 INFO RuntimeStats$ProgressTicker
2017-06-05 00:02:00,773-0500 INFO RuntimeStats$ProgressTicker
2017-06-05 00:02:00,773-0500 INFO RuntimeStats$ProgressTicker
2017-06-05 00:02:00,773-0500 INFO RuntimeStats$ProgressTicker
2017-06-05 00:02:20,773-0500 INFO RuntimeStats$ProgressTicker
2017-06-05 00:02:20,773-0500 INFO RuntimeStats$ProgressTicker
2017-06-05 00:02:20,773-0500 INFO RuntimeStats$ProgressTicker
2017-06-05 00:02:20,773-0500 INFO RuntimeStats$ProgressTicker
2017-06-05 00:02:20,773-0500 INFO RuntimeStats$ProgressTicker
2017-06-05 00:02:20,773-0500 INFO RuntimeStats$ProgressTicker
2017-06-05 00:02:20,773-0500 INFO RuntimeStats$ProgressTicker
2017-06-05 00:02:40,773-0500 INFO RuntimeStats$ProgressTicker
2017-06-05 00:02:40,773-0500 INFO RuntimeStats$ProgressTicker
2017-06-05 00:02:40,773-0500 INFO RuntimeStats$ProgressTicker
2017-06-05 00:02:40,773-0500 INFO RuntimeStats$ProgressTicker
2017-06-05 00:02:40,773-0500 INFO RuntimeStats$ProgressTicker
2017-06-05 00:02:40,773-0500 INFO RuntimeStats$ProgressTicker
2017-06-05 00:02:40,773-0500 INFO RuntimeStats$ProgressTicker
2017-06-05 00:03:00,773-0500 INFO RuntimeStats$ProgressTicker
2017-06-05 00:03:00,773-0500 INFO RuntimeStats$ProgressTicker
2017-06-05 00:03:00,773-0500 INFO RuntimeStats$ProgressTicker
2017-06-05 00:03:00,773-0500 INFO RuntimeStats$ProgressTicker
2017-06-05 00:03:00,773-0500 INFO RuntimeStats$ProgressTicker
2017-06-05 00:03:00,773-0500 INFO RuntimeStats$ProgressTicker
2017-06-05 00:03:00,773-0500 INFO RuntimeStats$ProgressTicker
2017-06-05 00:03:20,773-0500 INFO RuntimeStats$ProgressTicker
2017-06-05 00:03:20,773-0500 INFO RuntimeStats$ProgressTicker
2017-06-05 00:03:20,773-0500 INFO RuntimeStats$ProgressTicker
2017-06-05 00:03:20,773-0500 INFO RuntimeStats$ProgressTicker
2017-06-05 00:03:20,773-0500 INFO RuntimeStats$ProgressTicker
2017-06-05 00:03:20,773-0500 INFO RuntimeStats$ProgressTicker
2017-06-05 00:03:20,773-0500 INFO RuntimeStats$ProgressTicker
2017-06-05 00:03:40,773-0500 INFO RuntimeStats$ProgressTicker
2017-06-05 00:03:40,773-0500 INFO RuntimeStats$ProgressTicker
2017-06-05 00:03:40,773-0500 INFO RuntimeStats$ProgressTicker
2017-06-05 00:03:40,773-0500 INFO RuntimeStats$ProgressTicker
2017-06-05 00:03:40,773-0500 INFO RuntimeStats$ProgressTicker
2017-06-05 00:03:40,773-0500 INFO RuntimeStats$ProgressTicker
2017-06-05 00:03:40,773-0500 INFO RuntimeStats$ProgressTicker
2017-06-05 00:04:00,773-0500 INFO RuntimeStats$ProgressTicker
2017-06-05 00:04:00,773-0500 INFO RuntimeStats$ProgressTicker
2017-06-05 00:04:00,773-0500 INFO RuntimeStats$ProgressTicker
2017-06-05 00:04:00,773-0500 INFO RuntimeStats$ProgressTicker
2017-06-05 00:04:00,773-0500 INFO RuntimeStats$ProgressTicker
2017-06-05 00:04:00,773-0500 INFO RuntimeStats$ProgressTicker
2017-06-05 00:04:00,773-0500 INFO RuntimeStats$ProgressTicker
2017-06-05 00:04:20,773-0500 INFO RuntimeStats$ProgressTicker
2017-06-05 00:04:20,773-0500 INFO RuntimeStats$ProgressTicker
2017-06-05 00:04:20,773-0500 INFO RuntimeStats$ProgressTicker
2017-06-05 00:04:20,773-0500 INFO RuntimeStats$ProgressTicker
2017-06-05 00:04:20,773-0500 INFO RuntimeStats$ProgressTicker
2017-06-05 00:04:20,773-0500 INFO RuntimeStats$ProgressTicker
2017-06-05 00:04:20,773-0500 INFO RuntimeStats$ProgressTicker
2017-06-05 00:04:40,773-0500 INFO RuntimeStats$ProgressTicker
2017-06-05 00:04:40,773-0500 INFO RuntimeStats$ProgressTicker
2017-06-05 00:04:40,773-0500 INFO RuntimeStats$ProgressTicker
2017-06-05 00:04:40,773-0500 INFO RuntimeStats$ProgressTicker
2017-06-05 00:04:40,773-0500 INFO RuntimeStats$ProgressTicker
2017-06-05 00:04:40,773-0500 INFO RuntimeStats$ProgressTicker
2017-06-05 00:04:40,773-0500 INFO RuntimeStats$ProgressTicker
2017-06-05 00:05:00,773-0500 INFO RuntimeStats$ProgressTicker
2017-06-05 00:05:00,773-0500 INFO RuntimeStats$ProgressTicker
2017-06-05 00:05:00,773-0500 INFO RuntimeStats$ProgressTicker
2017-06-05 00:05:00,773-0500 INFO RuntimeStats$ProgressTicker
2017-06-05 00:05:00,773-0500 INFO RuntimeStats$ProgressTicker
2017-06-05 00:05:00,773-0500 INFO RuntimeStats$ProgressTicker
2017-06-05 00:05:00,773-0500 INFO RuntimeStats$ProgressTicker
2017-06-05 00:05:20,773-0500 INFO RuntimeStats$ProgressTicker
2017-06-05 00:05:20,773-0500 INFO RuntimeStats$ProgressTicker
2017-06-05 00:05:20,773-0500 INFO RuntimeStats$ProgressTicker
2017-06-05 00:05:20,773-0500 INFO RuntimeStats$ProgressTicker
2017-06-05 00:05:20,773-0500 INFO RuntimeStats$ProgressTicker
2017-06-05 00:05:20,773-0500 INFO RuntimeStats$ProgressTicker
2017-06-05 00:05:20,773-0500 INFO RuntimeStats$ProgressTicker
2017-06-05 00:05:40,773-0500 INFO RuntimeStats$ProgressTicker
2017-06-05 00:05:40,773-0500 INFO RuntimeStats$ProgressTicker
2017-06-05 00:05:40,773-0500 INFO RuntimeStats$ProgressTicker
2017-06-05 00:05:40,773-0500 INFO RuntimeStats$ProgressTicker
2017-06-05 00:05:40,773-0500 INFO RuntimeStats$ProgressTicker
2017-06-05 00:05:40,773-0500 INFO RuntimeStats$ProgressTicker
2017-06-05 00:05:40,773-0500 INFO RuntimeStats$ProgressTicker
2017-06-05 00:06:00,773-0500 INFO RuntimeStats$ProgressTicker
2017-06-05 00:06:00,773-0500 INFO RuntimeStats$ProgressTicker
2017-06-05 00:06:00,773-0500 INFO RuntimeStats$ProgressTicker
2017-06-05 00:06:00,773-0500 INFO RuntimeStats$ProgressTicker
2017-06-05 00:06:00,773-0500 INFO RuntimeStats$ProgressTicker
2017-06-05 00:06:00,773-0500 INFO RuntimeStats$ProgressTicker
2017-06-05 00:06:00,773-0500 INFO RuntimeStats$ProgressTicker
2017-06-05 00:06:20,773-0500 INFO RuntimeStats$ProgressTicker
2017-06-05 00:06:20,773-0500 INFO RuntimeStats$ProgressTicker
2017-06-05 00:06:20,773-0500 INFO RuntimeStats$ProgressTicker
2017-06-05 00:06:20,773-0500 INFO RuntimeStats$ProgressTicker
2017-06-05 00:06:20,773-0500 INFO RuntimeStats$ProgressTicker
2017-06-05 00:06:20,773-0500 INFO RuntimeStats$ProgressTicker
2017-06-05 00:06:20,773-0500 INFO RuntimeStats$ProgressTicker
2017-06-05 00:06:40,773-0500 INFO RuntimeStats$ProgressTicker
2017-06-05 00:06:40,773-0500 INFO RuntimeStats$ProgressTicker
2017-06-05 00:06:40,773-0500 INFO RuntimeStats$ProgressTicker
2017-06-05 00:06:40,773-0500 INFO RuntimeStats$ProgressTicker
2017-06-05 00:06:40,773-0500 INFO RuntimeStats$ProgressTicker
2017-06-05 00:06:40,773-0500 INFO RuntimeStats$ProgressTicker
2017-06-05 00:06:40,773-0500 INFO RuntimeStats$ProgressTicker
2017-06-05 00:07:00,773-0500 INFO RuntimeStats$ProgressTicker
2017-06-05 00:07:00,773-0500 INFO RuntimeStats$ProgressTicker
2017-06-05 00:07:00,773-0500 INFO RuntimeStats$ProgressTicker
2017-06-05 00:07:00,773-0500 INFO RuntimeStats$ProgressTicker
2017-06-05 00:07:00,773-0500 INFO RuntimeStats$ProgressTicker
2017-06-05 00:07:00,773-0500 INFO RuntimeStats$ProgressTicker
2017-06-05 00:07:00,773-0500 INFO RuntimeStats$ProgressTicker
2017-06-05 00:07:20,773-0500 INFO RuntimeStats$ProgressTicker
2017-06-05 00:07:20,773-0500 INFO RuntimeStats$ProgressTicker
2017-06-05 00:07:20,773-0500 INFO RuntimeStats$ProgressTicker
2017-06-05 00:07:20,773-0500 INFO RuntimeStats$ProgressTicker
2017-06-05 00:07:20,773-0500 INFO RuntimeStats$ProgressTicker
2017-06-05 00:07:20,773-0500 INFO RuntimeStats$ProgressTicker
2017-06-05 00:07:20,773-0500 INFO RuntimeStats$ProgressTicker
2017-06-05 00:07:40,773-0500 INFO RuntimeStats$ProgressTicker
2017-06-05 00:07:40,773-0500 INFO RuntimeStats$ProgressTicker
2017-06-05 00:07:40,773-0500 INFO RuntimeStats$ProgressTicker
2017-06-05 00:07:40,773-0500 INFO RuntimeStats$ProgressTicker
2017-06-05 00:07:40,773-0500 INFO RuntimeStats$ProgressTicker
2017-06-05 00:07:40,773-0500 INFO RuntimeStats$ProgressTicker
2017-06-05 00:07:40,773-0500 INFO RuntimeStats$ProgressTicker
2017-06-05 00:08:00,773-0500 INFO RuntimeStats$ProgressTicker
2017-06-05 00:08:00,773-0500 INFO RuntimeStats$ProgressTicker
2017-06-05 00:08:00,773-0500 INFO RuntimeStats$ProgressTicker
2017-06-05 00:08:00,773-0500 INFO RuntimeStats$ProgressTicker
2017-06-05 00:08:00,773-0500 INFO RuntimeStats$ProgressTicker
2017-06-05 00:08:00,773-0500 INFO RuntimeStats$ProgressTicker
2017-06-05 00:08:00,773-0500 INFO RuntimeStats$ProgressTicker
2017-06-05 00:08:20,773-0500 INFO RuntimeStats$ProgressTicker
2017-06-05 00:08:20,773-0500 INFO RuntimeStats$ProgressTicker
2017-06-05 00:08:20,773-0500 INFO RuntimeStats$ProgressTicker
2017-06-05 00:08:20,773-0500 INFO RuntimeStats$ProgressTicker
2017-06-05 00:08:20,773-0500 INFO RuntimeStats$ProgressTicker
2017-06-05 00:08:20,773-0500 INFO RuntimeStats$ProgressTicker
2017-06-05 00:08:20,773-0500 INFO RuntimeStats$ProgressTicker
2017-06-05 00:08:40,773-0500 INFO RuntimeStats$ProgressTicker
2017-06-05 00:08:40,773-0500 INFO RuntimeStats$ProgressTicker
2017-06-05 00:08:40,773-0500 INFO RuntimeStats$ProgressTicker
2017-06-05 00:08:40,773-0500 INFO RuntimeStats$ProgressTicker
2017-06-05 00:08:40,773-0500 INFO RuntimeStats$ProgressTicker
2017-06-05 00:08:40,773-0500 INFO RuntimeStats$ProgressTicker
2017-06-05 00:08:40,773-0500 INFO RuntimeStats$ProgressTicker
2017-06-05 00:09:00,773-0500 INFO RuntimeStats$ProgressTicker
2017-06-05 00:09:00,773-0500 INFO RuntimeStats$ProgressTicker
2017-06-05 00:09:00,773-0500 INFO RuntimeStats$ProgressTicker
2017-06-05 00:09:00,773-0500 INFO RuntimeStats$ProgressTicker
2017-06-05 00:09:00,773-0500 INFO RuntimeStats$ProgressTicker
2017-06-05 00:09:00,773-0500 INFO RuntimeStats$ProgressTicker
2017-06-05 00:09:00,773-0500 INFO RuntimeStats$ProgressTicker
2017-06-05 00:09:20,773-0500 INFO RuntimeStats$ProgressTicker
2017-06-05 00:09:20,773-0500 INFO RuntimeStats$ProgressTicker
2017-06-05 00:09:20,773-0500 INFO RuntimeStats$ProgressTicker
2017-06-05 00:09:20,773-0500 INFO RuntimeStats$ProgressTicker
2017-06-05 00:09:20,773-0500 INFO RuntimeStats$ProgressTicker
2017-06-05 00:09:20,773-0500 INFO RuntimeStats$ProgressTicker
2017-06-05 00:09:20,773-0500 INFO RuntimeStats$ProgressTicker
2017-06-05 00:09:40,773-0500 INFO RuntimeStats$ProgressTicker
2017-06-05 00:09:40,773-0500 INFO RuntimeStats$ProgressTicker
2017-06-05 00:09:40,773-0500 INFO RuntimeStats$ProgressTicker
2017-06-05 00:09:40,773-0500 INFO RuntimeStats$ProgressTicker
2017-06-05 00:09:40,773-0500 INFO RuntimeStats$ProgressTicker
2017-06-05 00:09:40,773-0500 INFO RuntimeStats$ProgressTicker
2017-06-05 00:09:40,773-0500 INFO RuntimeStats$ProgressTicker
2017-06-05 00:10:00,773-0500 INFO RuntimeStats$ProgressTicker
2017-06-05 00:10:00,773-0500 INFO RuntimeStats$ProgressTicker
2017-06-05 00:10:00,773-0500 INFO RuntimeStats$ProgressTicker
2017-06-05 00:10:00,773-0500 INFO RuntimeStats$ProgressTicker
2017-06-05 00:10:00,773-0500 INFO RuntimeStats$ProgressTicker
2017-06-05 00:10:00,773-0500 INFO RuntimeStats$ProgressTicker
2017-06-05 00:10:00,773-0500 INFO RuntimeStats$ProgressTicker
2017-06-05 00:10:20,773-0500 INFO RuntimeStats$ProgressTicker
2017-06-05 00:10:20,773-0500 INFO RuntimeStats$ProgressTicker
2017-06-05 00:10:20,773-0500 INFO RuntimeStats$ProgressTicker
2017-06-05 00:10:20,773-0500 INFO RuntimeStats$ProgressTicker
2017-06-05 00:10:20,773-0500 INFO RuntimeStats$ProgressTicker
2017-06-05 00:10:20,773-0500 INFO RuntimeStats$ProgressTicker
2017-06-05 00:10:20,773-0500 INFO RuntimeStats$ProgressTicker
2017-06-05 00:10:40,773-0500 INFO RuntimeStats$ProgressTicker
2017-06-05 00:10:40,773-0500 INFO RuntimeStats$ProgressTicker
2017-06-05 00:10:40,773-0500 INFO RuntimeStats$ProgressTicker
2017-06-05 00:10:40,773-0500 INFO RuntimeStats$ProgressTicker
2017-06-05 00:10:40,773-0500 INFO RuntimeStats$ProgressTicker
2017-06-05 00:10:40,773-0500 INFO RuntimeStats$ProgressTicker
2017-06-05 00:10:40,773-0500 INFO RuntimeStats$ProgressTicker
2017-06-05 00:11:00,773-0500 INFO RuntimeStats$ProgressTicker
2017-06-05 00:11:00,773-0500 INFO RuntimeStats$ProgressTicker
2017-06-05 00:11:00,773-0500 INFO RuntimeStats$ProgressTicker
2017-06-05 00:11:00,773-0500 INFO RuntimeStats$ProgressTicker
2017-06-05 00:11:00,773-0500 INFO RuntimeStats$ProgressTicker
2017-06-05 00:11:00,773-0500 INFO RuntimeStats$ProgressTicker
2017-06-05 00:11:00,773-0500 INFO RuntimeStats$ProgressTicker
2017-06-05 00:11:20,773-0500 INFO RuntimeStats$ProgressTicker
2017-06-05 00:11:20,773-0500 INFO RuntimeStats$ProgressTicker
2017-06-05 00:11:20,773-0500 INFO RuntimeStats$ProgressTicker
2017-06-05 00:11:20,773-0500 INFO RuntimeStats$ProgressTicker
2017-06-05 00:11:20,773-0500 INFO RuntimeStats$ProgressTicker
2017-06-05 00:11:20,773-0500 INFO RuntimeStats$ProgressTicker
2017-06-05 00:11:20,773-0500 INFO RuntimeStats$ProgressTicker
2017-06-05 00:11:40,773-0500 INFO RuntimeStats$ProgressTicker
2017-06-05 00:11:40,773-0500 INFO RuntimeStats$ProgressTicker
2017-06-05 00:11:40,773-0500 INFO RuntimeStats$ProgressTicker
2017-06-05 00:11:40,773-0500 INFO RuntimeStats$ProgressTicker
2017-06-05 00:11:40,773-0500 INFO RuntimeStats$ProgressTicker
2017-06-05 00:11:40,773-0500 INFO RuntimeStats$ProgressTicker
2017-06-05 00:11:40,773-0500 INFO RuntimeStats$ProgressTicker
2017-06-05 00:12:00,773-0500 INFO RuntimeStats$ProgressTicker
2017-06-05 00:12:00,773-0500 INFO RuntimeStats$ProgressTicker
2017-06-05 00:12:00,773-0500 INFO RuntimeStats$ProgressTicker
2017-06-05 00:12:00,773-0500 INFO RuntimeStats$ProgressTicker
2017-06-05 00:12:00,773-0500 INFO RuntimeStats$ProgressTicker
2017-06-05 00:12:00,773-0500 INFO RuntimeStats$ProgressTicker
2017-06-05 00:12:00,773-0500 INFO RuntimeStats$ProgressTicker
2017-06-05 00:12:20,773-0500 INFO RuntimeStats$ProgressTicker
2017-06-05 00:12:20,773-0500 INFO RuntimeStats$ProgressTicker
2017-06-05 00:12:20,773-0500 INFO RuntimeStats$ProgressTicker
2017-06-05 00:12:20,773-0500 INFO RuntimeStats$ProgressTicker
2017-06-05 00:12:20,773-0500 INFO RuntimeStats$ProgressTicker
2017-06-05 00:12:20,773-0500 INFO RuntimeStats$ProgressTicker
2017-06-05 00:12:20,773-0500 INFO RuntimeStats$ProgressTicker
2017-06-05 00:12:40,773-0500 INFO RuntimeStats$ProgressTicker
2017-06-05 00:12:40,773-0500 INFO RuntimeStats$ProgressTicker
2017-06-05 00:12:40,773-0500 INFO RuntimeStats$ProgressTicker
2017-06-05 00:12:40,773-0500 INFO RuntimeStats$ProgressTicker
2017-06-05 00:12:40,773-0500 INFO RuntimeStats$ProgressTicker
2017-06-05 00:12:40,773-0500 INFO RuntimeStats$ProgressTicker
2017-06-05 00:12:40,773-0500 INFO RuntimeStats$ProgressTicker
2017-06-05 00:13:00,773-0500 INFO RuntimeStats$ProgressTicker
2017-06-05 00:13:00,773-0500 INFO RuntimeStats$ProgressTicker
2017-06-05 00:13:00,773-0500 INFO RuntimeStats$ProgressTicker
2017-06-05 00:13:00,773-0500 INFO RuntimeStats$ProgressTicker
2017-06-05 00:13:00,773-0500 INFO RuntimeStats$ProgressTicker
2017-06-05 00:13:00,773-0500 INFO RuntimeStats$ProgressTicker
2017-06-05 00:13:00,773-0500 INFO RuntimeStats$ProgressTicker
2017-06-05 00:13:20,773-0500 INFO RuntimeStats$ProgressTicker
2017-06-05 00:13:20,773-0500 INFO RuntimeStats$ProgressTicker
2017-06-05 00:13:20,773-0500 INFO RuntimeStats$ProgressTicker
2017-06-05 00:13:20,773-0500 INFO RuntimeStats$ProgressTicker
2017-06-05 00:13:20,773-0500 INFO RuntimeStats$ProgressTicker
2017-06-05 00:13:20,773-0500 INFO RuntimeStats$ProgressTicker
2017-06-05 00:13:20,773-0500 INFO RuntimeStats$ProgressTicker
2017-06-05 00:13:40,773-0500 INFO RuntimeStats$ProgressTicker
2017-06-05 00:13:40,773-0500 INFO RuntimeStats$ProgressTicker
2017-06-05 00:13:40,773-0500 INFO RuntimeStats$ProgressTicker
2017-06-05 00:13:40,773-0500 INFO RuntimeStats$ProgressTicker
2017-06-05 00:13:40,773-0500 INFO RuntimeStats$ProgressTicker
2017-06-05 00:13:40,773-0500 INFO RuntimeStats$ProgressTicker
2017-06-05 00:13:40,773-0500 INFO RuntimeStats$ProgressTicker
2017-06-05 00:14:00,773-0500 INFO RuntimeStats$ProgressTicker
2017-06-05 00:14:00,773-0500 INFO RuntimeStats$ProgressTicker
2017-06-05 00:14:00,773-0500 INFO RuntimeStats$ProgressTicker
2017-06-05 00:14:00,773-0500 INFO RuntimeStats$ProgressTicker
2017-06-05 00:14:00,773-0500 INFO RuntimeStats$ProgressTicker
2017-06-05 00:14:00,773-0500 INFO RuntimeStats$ProgressTicker
2017-06-05 00:14:00,773-0500 INFO RuntimeStats$ProgressTicker
2017-06-05 00:14:20,773-0500 INFO RuntimeStats$ProgressTicker
2017-06-05 00:14:20,773-0500 INFO RuntimeStats$ProgressTicker
2017-06-05 00:14:20,773-0500 INFO RuntimeStats$ProgressTicker
2017-06-05 00:14:20,773-0500 INFO RuntimeStats$ProgressTicker
2017-06-05 00:14:20,773-0500 INFO RuntimeStats$ProgressTicker
2017-06-05 00:14:20,773-0500 INFO RuntimeStats$ProgressTicker
2017-06-05 00:14:20,773-0500 INFO RuntimeStats$ProgressTicker
2017-06-05 00:14:40,773-0500 INFO RuntimeStats$ProgressTicker
2017-06-05 00:14:40,773-0500 INFO RuntimeStats$ProgressTicker
2017-06-05 00:14:40,773-0500 INFO RuntimeStats$ProgressTicker
2017-06-05 00:14:40,773-0500 INFO RuntimeStats$ProgressTicker
2017-06-05 00:14:40,773-0500 INFO RuntimeStats$ProgressTicker
2017-06-05 00:14:40,773-0500 INFO RuntimeStats$ProgressTicker
2017-06-05 00:14:40,773-0500 INFO RuntimeStats$ProgressTicker
2017-06-05 00:15:00,773-0500 INFO RuntimeStats$ProgressTicker
2017-06-05 00:15:00,773-0500 INFO RuntimeStats$ProgressTicker
2017-06-05 00:15:00,773-0500 INFO RuntimeStats$ProgressTicker
2017-06-05 00:15:00,773-0500 INFO RuntimeStats$ProgressTicker
2017-06-05 00:15:00,773-0500 INFO RuntimeStats$ProgressTicker
2017-06-05 00:15:00,773-0500 INFO RuntimeStats$ProgressTicker
2017-06-05 00:15:00,773-0500 INFO RuntimeStats$ProgressTicker
2017-06-05 00:15:20,773-0500 INFO RuntimeStats$ProgressTicker
2017-06-05 00:15:20,773-0500 INFO RuntimeStats$ProgressTicker
2017-06-05 00:15:20,773-0500 INFO RuntimeStats$ProgressTicker
2017-06-05 00:15:20,773-0500 INFO RuntimeStats$ProgressTicker
2017-06-05 00:15:20,773-0500 INFO RuntimeStats$ProgressTicker
2017-06-05 00:15:20,773-0500 INFO RuntimeStats$ProgressTicker
2017-06-05 00:15:20,773-0500 INFO RuntimeStats$ProgressTicker
2017-06-05 00:15:40,773-0500 INFO RuntimeStats$ProgressTicker
2017-06-05 00:15:40,773-0500 INFO RuntimeStats$ProgressTicker
2017-06-05 00:15:40,773-0500 INFO RuntimeStats$ProgressTicker
2017-06-05 00:15:40,773-0500 INFO RuntimeStats$ProgressTicker
2017-06-05 00:15:40,773-0500 INFO RuntimeStats$ProgressTicker
2017-06-05 00:15:40,773-0500 INFO RuntimeStats$ProgressTicker
2017-06-05 00:15:40,773-0500 INFO RuntimeStats$ProgressTicker
2017-06-05 00:16:00,773-0500 INFO RuntimeStats$ProgressTicker
2017-06-05 00:16:00,773-0500 INFO RuntimeStats$ProgressTicker
2017-06-05 00:16:00,773-0500 INFO RuntimeStats$ProgressTicker
2017-06-05 00:16:00,773-0500 INFO RuntimeStats$ProgressTicker
2017-06-05 00:16:00,773-0500 INFO RuntimeStats$ProgressTicker
2017-06-05 00:16:00,773-0500 INFO RuntimeStats$ProgressTicker
2017-06-05 00:16:00,773-0500 INFO RuntimeStats$ProgressTicker
2017-06-05 00:16:20,773-0500 INFO RuntimeStats$ProgressTicker
2017-06-05 00:16:20,773-0500 INFO RuntimeStats$ProgressTicker
2017-06-05 00:16:20,773-0500 INFO RuntimeStats$ProgressTicker
2017-06-05 00:16:20,773-0500 INFO RuntimeStats$ProgressTicker
2017-06-05 00:16:20,773-0500 INFO RuntimeStats$ProgressTicker
2017-06-05 00:16:20,773-0500 INFO RuntimeStats$ProgressTicker
2017-06-05 00:16:20,773-0500 INFO RuntimeStats$ProgressTicker
2017-06-05 00:16:40,773-0500 INFO RuntimeStats$ProgressTicker
2017-06-05 00:16:40,773-0500 INFO RuntimeStats$ProgressTicker
2017-06-05 00:16:40,773-0500 INFO RuntimeStats$ProgressTicker
2017-06-05 00:16:40,773-0500 INFO RuntimeStats$ProgressTicker
2017-06-05 00:16:40,773-0500 INFO RuntimeStats$ProgressTicker
2017-06-05 00:16:40,773-0500 INFO RuntimeStats$ProgressTicker
2017-06-05 00:16:40,773-0500 INFO RuntimeStats$ProgressTicker
2017-06-05 00:16:41,773-0500 DEBUG swift JOB_END jobid=fmtask_1D
2017-06-05 00:17:00,773-0500 INFO RuntimeStats$ProgressTicker
2017-06-05 00:17:00,773-0500 INFO RuntimeStats$ProgressTicker
2017-06-05 00:17:00,773-0500 INFO RuntimeStats$ProgressTicker
2017-06-05 00:17:00,773-0500 INFO RuntimeStats$ProgressTicker
2017-06-05 00:17:00,773-0500 INFO RuntimeStats$ProgressTicker
2017-06-05 00:17:00,773-0500 INFO RuntimeStats$ProgressTicker
2017-06-05 00:17:20,773-0500 INFO RuntimeStats$ProgressTicker
2017-06-05 00:17:20,773-0500 INFO RuntimeStats$ProgressTicker
2017-06-05 00:17:20,773-0500 INFO RuntimeStats$ProgressTicker
2017-06-05 00:17:20,773-0500 INFO RuntimeStats$ProgressTicker
2017-06-05 00:17:20,773-0500 INFO RuntimeStats$ProgressTicker
2017-06-05 00:17:20,773-0500 INFO RuntimeStats$ProgressTicker
2017-06-05 00:17:40,773-0500 INFO RuntimeStats$ProgressTicker
2017-06-05 00:17:40,773-0500 INFO RuntimeStats$ProgressTicker
2017-06-05 00:17:40,773-0500 INFO RuntimeStats$ProgressTicker
2017-06-05 00:17:40,773-0500 INFO RuntimeStats$ProgressTicker
2017-06-05 00:17:40,773-0500 INFO RuntimeStats$ProgressTicker
2017-06-05 00:17:40,773-0500 INFO RuntimeStats$ProgressTicker
2017-06-05 00:18:00,773-0500 INFO RuntimeStats$ProgressTicker
2017-06-05 00:18:00,773-0500 INFO RuntimeStats$ProgressTicker
2017-06-05 00:18:00,773-0500 INFO RuntimeStats$ProgressTicker
2017-06-05 00:18:00,773-0500 INFO RuntimeStats$ProgressTicker
2017-06-05 00:18:00,773-0500 INFO RuntimeStats$ProgressTicker
2017-06-05 00:18:00,773-0500 INFO RuntimeStats$ProgressTicker
2017-06-05 00:18:20,773-0500 INFO RuntimeStats$ProgressTicker
2017-06-05 00:18:20,773-0500 INFO RuntimeStats$ProgressTicker
2017-06-05 00:18:20,773-0500 INFO RuntimeStats$ProgressTicker
2017-06-05 00:18:20,773-0500 INFO RuntimeStats$ProgressTicker
2017-06-05 00:18:20,773-0500 INFO RuntimeStats$ProgressTicker
2017-06-05 00:18:20,773-0500 INFO RuntimeStats$ProgressTicker
2017-06-05 00:18:40,773-0500 INFO RuntimeStats$ProgressTicker
2017-06-05 00:18:40,773-0500 INFO RuntimeStats$ProgressTicker
2017-06-05 00:18:40,773-0500 INFO RuntimeStats$ProgressTicker
2017-06-05 00:18:40,773-0500 INFO RuntimeStats$ProgressTicker
2017-06-05 00:18:40,773-0500 INFO RuntimeStats$ProgressTicker
2017-06-05 00:18:40,773-0500 INFO RuntimeStats$ProgressTicker
2017-06-05 00:19:00,773-0500 INFO RuntimeStats$ProgressTicker
2017-06-05 00:19:00,773-0500 INFO RuntimeStats$ProgressTicker
2017-06-05 00:19:00,773-0500 INFO RuntimeStats$ProgressTicker
2017-06-05 00:19:00,773-0500 INFO RuntimeStats$ProgressTicker
2017-06-05 00:19:00,773-0500 INFO RuntimeStats$ProgressTicker
2017-06-05 00:19:00,773-0500 INFO RuntimeStats$ProgressTicker
2017-06-05 00:19:20,773-0500 INFO RuntimeStats$ProgressTicker
2017-06-05 00:19:20,773-0500 INFO RuntimeStats$ProgressTicker
2017-06-05 00:19:20,773-0500 INFO RuntimeStats$ProgressTicker
2017-06-05 00:19:20,773-0500 INFO RuntimeStats$ProgressTicker
2017-06-05 00:19:20,773-0500 INFO RuntimeStats$ProgressTicker
2017-06-05 00:19:20,773-0500 INFO RuntimeStats$ProgressTicker
2017-06-05 00:19:40,773-0500 INFO RuntimeStats$ProgressTicker
2017-06-05 00:19:40,773-0500 INFO RuntimeStats$ProgressTicker
2017-06-05 00:19:40,773-0500 INFO RuntimeStats$ProgressTicker
2017-06-05 00:19:40,773-0500 INFO RuntimeStats$ProgressTicker
2017-06-05 00:19:40,773-0500 INFO RuntimeStats$ProgressTicker
2017-06-05 00:19:40,773-0500 INFO RuntimeStats$ProgressTicker
2017-06-05 00:20:00,773-0500 INFO RuntimeStats$ProgressTicker
2017-06-05 00:20:00,773-0500 INFO RuntimeStats$ProgressTicker
2017-06-05 00:20:00,773-0500 INFO RuntimeStats$ProgressTicker
2017-06-05 00:20:00,773-0500 INFO RuntimeStats$ProgressTicker
2017-06-05 00:20:00,773-0500 INFO RuntimeStats$ProgressTicker
2017-06-05 00:20:00,773-0500 INFO RuntimeStats$ProgressTicker
2017-06-05 00:20:20,773-0500 INFO RuntimeStats$ProgressTicker
2017-06-05 00:20:20,773-0500 INFO RuntimeStats$ProgressTicker
2017-06-05 00:20:20,773-0500 INFO RuntimeStats$ProgressTicker
2017-06-05 00:20:20,773-0500 INFO RuntimeStats$ProgressTicker
2017-06-05 00:20:20,773-0500 INFO RuntimeStats$ProgressTicker
2017-06-05 00:20:20,773-0500 INFO RuntimeStats$ProgressTicker
2017-06-05 00:20:40,773-0500 INFO RuntimeStats$ProgressTicker
2017-06-05 00:20:40,773-0500 INFO RuntimeStats$ProgressTicker
2017-06-05 00:20:40,773-0500 INFO RuntimeStats$ProgressTicker
2017-06-05 00:20:40,773-0500 INFO RuntimeStats$ProgressTicker
2017-06-05 00:20:40,773-0500 INFO RuntimeStats$ProgressTicker
2017-06-05 00:20:40,773-0500 INFO RuntimeStats$ProgressTicker
2017-06-05 00:21:00,773-0500 INFO RuntimeStats$ProgressTicker
2017-06-05 00:21:00,773-0500 INFO RuntimeStats$ProgressTicker
2017-06-05 00:21:00,773-0500 INFO RuntimeStats$ProgressTicker
2017-06-05 00:21:00,773-0500 INFO RuntimeStats$ProgressTicker
2017-06-05 00:21:00,773-0500 INFO RuntimeStats$ProgressTicker
2017-06-05 00:21:00,773-0500 INFO RuntimeStats$ProgressTicker
2017-06-05 00:21:20,773-0500 INFO RuntimeStats$ProgressTicker
2017-06-05 00:21:20,773-0500 INFO RuntimeStats$ProgressTicker
2017-06-05 00:21:20,773-0500 INFO RuntimeStats$ProgressTicker
2017-06-05 00:21:20,773-0500 INFO RuntimeStats$ProgressTicker
2017-06-05 00:21:20,773-0500 INFO RuntimeStats$ProgressTicker
2017-06-05 00:21:20,773-0500 INFO RuntimeStats$ProgressTicker
2017-06-05 00:21:40,773-0500 INFO RuntimeStats$ProgressTicker
2017-06-05 00:21:40,773-0500 INFO RuntimeStats$ProgressTicker
2017-06-05 00:21:40,773-0500 INFO RuntimeStats$ProgressTicker
2017-06-05 00:21:40,773-0500 INFO RuntimeStats$ProgressTicker
2017-06-05 00:21:40,773-0500 INFO RuntimeStats$ProgressTicker
2017-06-05 00:21:40,773-0500 INFO RuntimeStats$ProgressTicker
2017-06-05 00:22:00,773-0500 INFO RuntimeStats$ProgressTicker
2017-06-05 00:22:00,773-0500 INFO RuntimeStats$ProgressTicker
2017-06-05 00:22:00,773-0500 INFO RuntimeStats$ProgressTicker
2017-06-05 00:22:00,773-0500 INFO RuntimeStats$ProgressTicker
2017-06-05 00:22:00,773-0500 INFO RuntimeStats$ProgressTicker
2017-06-05 00:22:00,773-0500 INFO RuntimeStats$ProgressTicker
2017-06-05 00:22:20,773-0500 INFO RuntimeStats$ProgressTicker
2017-06-05 00:22:20,773-0500 INFO RuntimeStats$ProgressTicker
2017-06-05 00:22:20,773-0500 INFO RuntimeStats$ProgressTicker
2017-06-05 00:22:20,773-0500 INFO RuntimeStats$ProgressTicker
2017-06-05 00:22:20,773-0500 INFO RuntimeStats$ProgressTicker
2017-06-05 00:22:20,773-0500 INFO RuntimeStats$ProgressTicker
2017-06-05 00:22:40,773-0500 INFO RuntimeStats$ProgressTicker
2017-06-05 00:22:40,773-0500 INFO RuntimeStats$ProgressTicker
2017-06-05 00:22:40,773-0500 INFO RuntimeStats$ProgressTicker
2017-06-05 00:22:40,773-0500 INFO RuntimeStats$ProgressTicker
2017-06-05 00:22:40,773-0500 INFO RuntimeStats$ProgressTicker
2017-06-05 00:22:40,773-0500 INFO RuntimeStats$ProgressTicker
2017-06-05 00:23:00,773-0500 INFO RuntimeStats$ProgressTicker
2017-06-05 00:23:00,773-0500 INFO RuntimeStats$ProgressTicker
2017-06-05 00:23:00,773-0500 INFO RuntimeStats$ProgressTicker
2017-06-05 00:23:00,773-0500 INFO RuntimeStats$ProgressTicker
2017-06-05 00:23:00,773-0500 INFO RuntimeStats$ProgressTicker
2017-06-05 00:23:00,773-0500 INFO RuntimeStats$ProgressTicker
2017-06-05 00:23:20,773-0500 INFO RuntimeStats$ProgressTicker
2017-06-05 00:23:20,773-0500 INFO RuntimeStats$ProgressTicker
2017-06-05 00:23:20,773-0500 INFO RuntimeStats$ProgressTicker
2017-06-05 00:23:20,773-0500 INFO RuntimeStats$ProgressTicker
2017-06-05 00:23:20,773-0500 INFO RuntimeStats$ProgressTicker
2017-06-05 00:23:20,773-0500 INFO RuntimeStats$ProgressTicker
2017-06-05 00:23:40,773-0500 INFO RuntimeStats$ProgressTicker
2017-06-05 00:23:40,773-0500 INFO RuntimeStats$ProgressTicker
2017-06-05 00:23:40,773-0500 INFO RuntimeStats$ProgressTicker
2017-06-05 00:23:40,773-0500 INFO RuntimeStats$ProgressTicker
2017-06-05 00:23:40,773-0500 INFO RuntimeStats$ProgressTicker
2017-06-05 00:23:40,773-0500 INFO RuntimeStats$ProgressTicker
2017-06-05 00:24:00,773-0500 INFO RuntimeStats$ProgressTicker
2017-06-05 00:24:00,773-0500 INFO RuntimeStats$ProgressTicker
2017-06-05 00:24:00,773-0500 INFO RuntimeStats$ProgressTicker
2017-06-05 00:24:00,773-0500 INFO RuntimeStats$ProgressTicker
2017-06-05 00:24:00,773-0500 INFO RuntimeStats$ProgressTicker
2017-06-05 00:24:00,773-0500 INFO RuntimeStats$ProgressTicker
2017-06-05 00:24:20,773-0500 INFO RuntimeStats$ProgressTicker
2017-06-05 00:24:20,773-0500 INFO RuntimeStats$ProgressTicker
2017-06-05 00:24:20,773-0500 INFO RuntimeStats$ProgressTicker
2017-06-05 00:24:20,773-0500 INFO RuntimeStats$ProgressTicker
2017-06-05 00:24:20,773-0500 INFO RuntimeStats$ProgressTicker
2017-06-05 00:24:20,773-0500 INFO RuntimeStats$ProgressTicker
2017-06-05 00:24:40,773-0500 INFO RuntimeStats$ProgressTicker
2017-06-05 00:24:40,773-0500 INFO RuntimeStats$ProgressTicker
2017-06-05 00:24:40,773-0500 INFO RuntimeStats$ProgressTicker
2017-06-05 00:24:40,773-0500 INFO RuntimeStats$ProgressTicker
2017-06-05 00:24:40,773-0500 INFO RuntimeStats$ProgressTicker
2017-06-05 00:24:40,773-0500 INFO RuntimeStats$ProgressTicker
2017-06-05 00:25:00,773-0500 INFO RuntimeStats$ProgressTicker
2017-06-05 00:25:00,773-0500 INFO RuntimeStats$ProgressTicker
2017-06-05 00:25:00,773-0500 INFO RuntimeStats$ProgressTicker
2017-06-05 00:25:00,773-0500 INFO RuntimeStats$ProgressTicker
2017-06-05 00:25:00,773-0500 INFO RuntimeStats$ProgressTicker
2017-06-05 00:25:00,773-0500 INFO RuntimeStats$ProgressTicker
2017-06-05 00:25:20,773-0500 INFO RuntimeStats$ProgressTicker
2017-06-05 00:25:20,773-0500 INFO RuntimeStats$ProgressTicker
2017-06-05 00:25:20,773-0500 INFO RuntimeStats$ProgressTicker
2017-06-05 00:25:20,773-0500 INFO RuntimeStats$ProgressTicker
2017-06-05 00:25:20,773-0500 INFO RuntimeStats$ProgressTicker
2017-06-05 00:25:20,773-0500 INFO RuntimeStats$ProgressTicker
2017-06-05 00:25:40,773-0500 INFO RuntimeStats$ProgressTicker
2017-06-05 00:25:40,773-0500 INFO RuntimeStats$ProgressTicker
2017-06-05 00:25:40,773-0500 INFO RuntimeStats$ProgressTicker
2017-06-05 00:25:40,773-0500 INFO RuntimeStats$ProgressTicker
2017-06-05 00:25:40,773-0500 INFO RuntimeStats$ProgressTicker
2017-06-05 00:25:40,773-0500 INFO RuntimeStats$ProgressTicker
2017-06-05 00:26:00,773-0500 INFO RuntimeStats$ProgressTicker
2017-06-05 00:26:00,773-0500 INFO RuntimeStats$ProgressTicker
2017-06-05 00:26:00,773-0500 INFO RuntimeStats$ProgressTicker
2017-06-05 00:26:00,773-0500 INFO RuntimeStats$ProgressTicker
2017-06-05 00:26:00,773-0500 INFO RuntimeStats$ProgressTicker
2017-06-05 00:26:00,773-0500 INFO RuntimeStats$ProgressTicker
2017-06-05 00:26:20,773-0500 INFO RuntimeStats$ProgressTicker
2017-06-05 00:26:20,773-0500 INFO RuntimeStats$ProgressTicker
2017-06-05 00:26:20,773-0500 INFO RuntimeStats$ProgressTicker
2017-06-05 00:26:20,773-0500 INFO RuntimeStats$ProgressTicker
2017-06-05 00:26:20,773-0500 INFO RuntimeStats$ProgressTicker
2017-06-05 00:26:20,773-0500 INFO RuntimeStats$ProgressTicker
2017-06-05 00:26:40,773-0500 INFO RuntimeStats$ProgressTicker
2017-06-05 00:26:40,773-0500 INFO RuntimeStats$ProgressTicker
2017-06-05 00:26:40,773-0500 INFO RuntimeStats$ProgressTicker
2017-06-05 00:26:40,773-0500 INFO RuntimeStats$ProgressTicker
2017-06-05 00:26:40,773-0500 INFO RuntimeStats$ProgressTicker
2017-06-05 00:26:40,773-0500 INFO RuntimeStats$ProgressTicker
2017-06-05 00:27:00,773-0500 INFO RuntimeStats$ProgressTicker
2017-06-05 00:27:00,773-0500 INFO RuntimeStats$ProgressTicker
2017-06-05 00:27:00,773-0500 INFO RuntimeStats$ProgressTicker
2017-06-05 00:27:00,773-0500 INFO RuntimeStats$ProgressTicker
2017-06-05 00:27:00,773-0500 INFO RuntimeStats$ProgressTicker
2017-06-05 00:27:00,773-0500 INFO RuntimeStats$ProgressTicker
2017-06-05 00:27:20,773-0500 INFO RuntimeStats$ProgressTicker
2017-06-05 00:27:20,773-0500 INFO RuntimeStats$ProgressTicker
2017-06-05 00:27:20,773-0500 INFO RuntimeStats$ProgressTicker
2017-06-05 00:27:20,773-0500 INFO RuntimeStats$ProgressTicker
2017-06-05 00:27:20,773-0500 INFO RuntimeStats$ProgressTicker
2017-06-05 00:27:20,773-0500 INFO RuntimeStats$ProgressTicker
2017-06-05 00:27:40,773-0500 INFO RuntimeStats$ProgressTicker
2017-06-05 00:27:40,773-0500 INFO RuntimeStats$ProgressTicker
2017-06-05 00:27:40,773-0500 INFO RuntimeStats$ProgressTicker
2017-06-05 00:27:40,773-0500 INFO RuntimeStats$ProgressTicker
2017-06-05 00:27:40,773-0500 INFO RuntimeStats$ProgressTicker
2017-06-05 00:27:40,773-0500 INFO RuntimeStats$ProgressTicker
2017-06-05 00:28:00,773-0500 INFO RuntimeStats$ProgressTicker
2017-06-05 00:28:00,773-0500 INFO RuntimeStats$ProgressTicker
2017-06-05 00:28:00,773-0500 INFO RuntimeStats$ProgressTicker
2017-06-05 00:28:00,773-0500 INFO RuntimeStats$ProgressTicker
2017-06-05 00:28:00,773-0500 INFO RuntimeStats$ProgressTicker
2017-06-05 00:28:00,773-0500 INFO RuntimeStats$ProgressTicker
2017-06-05 00:28:20,773-0500 INFO RuntimeStats$ProgressTicker
2017-06-05 00:28:20,773-0500 INFO RuntimeStats$ProgressTicker
2017-06-05 00:28:20,773-0500 INFO RuntimeStats$ProgressTicker
2017-06-05 00:28:20,773-0500 INFO RuntimeStats$ProgressTicker
2017-06-05 00:28:20,773-0500 INFO RuntimeStats$ProgressTicker
2017-06-05 00:28:20,773-0500 INFO RuntimeStats$ProgressTicker
2017-06-05 00:28:40,773-0500 INFO RuntimeStats$ProgressTicker
2017-06-05 00:28:40,773-0500 INFO RuntimeStats$ProgressTicker
2017-06-05 00:28:40,773-0500 INFO RuntimeStats$ProgressTicker
2017-06-05 00:28:40,773-0500 INFO RuntimeStats$ProgressTicker
2017-06-05 00:28:40,773-0500 INFO RuntimeStats$ProgressTicker
2017-06-05 00:28:40,773-0500 INFO RuntimeStats$ProgressTicker
2017-06-05 00:29:00,773-0500 INFO RuntimeStats$ProgressTicker
2017-06-05 00:29:00,773-0500 INFO RuntimeStats$ProgressTicker
2017-06-05 00:29:00,773-0500 INFO RuntimeStats$ProgressTicker
2017-06-05 00:29:00,773-0500 INFO RuntimeStats$ProgressTicker
2017-06-05 00:29:00,773-0500 INFO RuntimeStats$ProgressTicker
2017-06-05 00:29:00,773-0500 INFO RuntimeStats$ProgressTicker
2017-06-05 00:29:20,773-0500 INFO RuntimeStats$ProgressTicker
2017-06-05 00:29:20,773-0500 INFO RuntimeStats$ProgressTicker
2017-06-05 00:29:20,773-0500 INFO RuntimeStats$ProgressTicker
2017-06-05 00:29:20,773-0500 INFO RuntimeStats$ProgressTicker
2017-06-05 00:29:20,773-0500 INFO RuntimeStats$ProgressTicker
2017-06-05 00:29:20,773-0500 INFO RuntimeStats$ProgressTicker
2017-06-05 00:29:40,773-0500 INFO RuntimeStats$ProgressTicker
2017-06-05 00:29:40,773-0500 INFO RuntimeStats$ProgressTicker
2017-06-05 00:29:40,773-0500 INFO RuntimeStats$ProgressTicker
2017-06-05 00:29:40,773-0500 INFO RuntimeStats$ProgressTicker
2017-06-05 00:29:40,773-0500 INFO RuntimeStats$ProgressTicker
2017-06-05 00:29:40,773-0500 INFO RuntimeStats$ProgressTicker
2017-06-05 00:30:00,773-0500 INFO RuntimeStats$ProgressTicker
2017-06-05 00:30:00,773-0500 INFO RuntimeStats$ProgressTicker
2017-06-05 00:30:00,773-0500 INFO RuntimeStats$ProgressTicker
2017-06-05 00:30:00,773-0500 INFO RuntimeStats$ProgressTicker
2017-06-05 00:30:00,773-0500 INFO RuntimeStats$ProgressTicker
2017-06-05 00:30:00,773-0500 INFO RuntimeStats$ProgressTicker
2017-06-05 00:30:20,773-0500 INFO RuntimeStats$ProgressTicker
2017-06-05 00:30:20,773-0500 INFO RuntimeStats$ProgressTicker
2017-06-05 00:30:20,773-0500 INFO RuntimeStats$ProgressTicker
2017-06-05 00:30:20,773-0500 INFO RuntimeStats$ProgressTicker
2017-06-05 00:30:20,773-0500 INFO RuntimeStats$ProgressTicker
2017-06-05 00:30:20,773-0500 INFO RuntimeStats$ProgressTicker
2017-06-05 00:30:40,773-0500 INFO RuntimeStats$ProgressTicker
2017-06-05 00:30:40,773-0500 INFO RuntimeStats$ProgressTicker
2017-06-05 00:30:40,773-0500 INFO RuntimeStats$ProgressTicker
2017-06-05 00:30:40,773-0500 INFO RuntimeStats$ProgressTicker
2017-06-05 00:30:40,773-0500 INFO RuntimeStats$ProgressTicker
2017-06-05 00:30:40,773-0500 INFO RuntimeStats$ProgressTicker
2017-06-05 00:31:00,773-0500 INFO RuntimeStats$ProgressTicker
2017-06-05 00:31:00,773-0500 INFO RuntimeStats$ProgressTicker
2017-06-05 00:31:00,773-0500 INFO RuntimeStats$ProgressTicker
2017-06-05 00:31:00,773-0500 INFO RuntimeStats$ProgressTicker
2017-06-05 00:31:00,773-0500 INFO RuntimeStats$ProgressTicker
2017-06-05 00:31:00,773-0500 INFO RuntimeStats$ProgressTicker
2017-06-05 00:31:20,773-0500 INFO RuntimeStats$ProgressTicker
2017-06-05 00:31:20,773-0500 INFO RuntimeStats$ProgressTicker
2017-06-05 00:31:20,773-0500 INFO RuntimeStats$ProgressTicker
2017-06-05 00:31:20,773-0500 INFO RuntimeStats$ProgressTicker
2017-06-05 00:31:20,773-0500 INFO RuntimeStats$ProgressTicker
2017-06-05 00:31:20,773-0500 INFO RuntimeStats$ProgressTicker
2017-06-05 00:31:40,773-0500 INFO RuntimeStats$ProgressTicker
2017-06-05 00:31:40,773-0500 INFO RuntimeStats$ProgressTicker
2017-06-05 00:31:40,773-0500 INFO RuntimeStats$ProgressTicker
2017-06-05 00:31:40,773-0500 INFO RuntimeStats$ProgressTicker
2017-06-05 00:31:40,773-0500 INFO RuntimeStats$ProgressTicker
2017-06-05 00:31:40,773-0500 INFO RuntimeStats$ProgressTicker
2017-06-05 00:32:00,773-0500 INFO RuntimeStats$ProgressTicker
2017-06-05 00:32:00,773-0500 INFO RuntimeStats$ProgressTicker
2017-06-05 00:32:00,773-0500 INFO RuntimeStats$ProgressTicker
2017-06-05 00:32:00,773-0500 INFO RuntimeStats$ProgressTicker
2017-06-05 00:32:00,773-0500 INFO RuntimeStats$ProgressTicker
2017-06-05 00:32:00,773-0500 INFO RuntimeStats$ProgressTicker
2017-06-05 00:32:20,773-0500 INFO RuntimeStats$ProgressTicker
2017-06-05 00:32:20,773-0500 INFO RuntimeStats$ProgressTicker
2017-06-05 00:32:20,773-0500 INFO RuntimeStats$ProgressTicker
2017-06-05 00:32:20,773-0500 INFO RuntimeStats$ProgressTicker
2017-06-05 00:32:20,773-0500 INFO RuntimeStats$ProgressTicker
2017-06-05 00:32:20,773-0500 INFO RuntimeStats$ProgressTicker
2017-06-05 00:32:40,773-0500 INFO RuntimeStats$ProgressTicker
2017-06-05 00:32:40,773-0500 INFO RuntimeStats$ProgressTicker
2017-06-05 00:32:40,773-0500 INFO RuntimeStats$ProgressTicker
2017-06-05 00:32:40,773-0500 INFO RuntimeStats$ProgressTicker
2017-06-05 00:32:40,773-0500 INFO RuntimeStats$ProgressTicker
2017-06-05 00:32:40,773-0500 INFO RuntimeStats$ProgressTicker
2017-06-05 00:33:00,773-0500 INFO RuntimeStats$ProgressTicker
2017-06-05 00:33:00,773-0500 INFO RuntimeStats$ProgressTicker
2017-06-05 00:33:00,773-0500 INFO RuntimeStats$ProgressTicker
2017-06-05 00:33:00,773-0500 INFO RuntimeStats$ProgressTicker
2017-06-05 00:33:00,773-0500 INFO RuntimeStats$ProgressTicker
2017-06-05 00:33:00,773-0500 INFO RuntimeStats$ProgressTicker
2017-06-05 00:33:20,773-0500 DEBUG swift JOB_END jobid=fmtask_1D_Tuflow
2017-06-05 00:33:20,773-0500 INFO RuntimeStats$ProgressTicker
2017-06-05 00:33:20,773-0500 INFO RuntimeStats$ProgressTicker
2017-06-05 00:33:20,773-0500 INFO RuntimeStats$ProgressTicker
2017-06-05 00:33:20,773-0500 INFO RuntimeStats$ProgressTicker
2017-06-05 00:33:20,773-0500 INFO RuntimeStats$ProgressTicker
2017-06-05 00:33:20,773-0500 INFO RuntimeStats$ProgressTicker
2017-06-05 00:33:40,773-0500 INFO RuntimeStats$ProgressTicker
2017-06-05 00:33:40,773-0500 INFO RuntimeStats$ProgressTicker
2017-06-05 00:33:40,773-0500 INFO RuntimeStats$ProgressTicker
2017-06-05 00:33:40,773-0500 INFO RuntimeStats$ProgressTicker
2017-06-05 00:33:40,773-0500 INFO RuntimeStats$ProgressTicker
2017-06-05 00:34:00,773-0500 INFO RuntimeStats$ProgressTicker
2017-06-05 00:34:00,773-0500 INFO RuntimeStats$ProgressTicker
2017-06-05 00:34:00,773-0500 INFO RuntimeStats$ProgressTicker
2017-06-05 00:34:00,773-0500 INFO RuntimeStats$ProgressTicker
2017-06-05 00:34:00,773-0500 INFO RuntimeStats$ProgressTicker
2017-06-05 00:34:20,773-0500 INFO RuntimeStats$ProgressTicker
2017-06-05 00:34:20,773-0500 INFO RuntimeStats$ProgressTicker
2017-06-05 00:34:20,773-0500 INFO RuntimeStats$ProgressTicker
2017-06-05 00:34:20,773-0500 INFO RuntimeStats$ProgressTicker
2017-06-05 00:34:20,773-0500 INFO RuntimeStats$ProgressTicker
2017-06-05 00:34:40,773-0500 INFO RuntimeStats$ProgressTicker
2017-06-05 00:34:40,773-0500 INFO RuntimeStats$ProgressTicker
2017-06-05 00:34:40,773-0500 INFO RuntimeStats$ProgressTicker
2017-06-05 00:34:40,773-0500 INFO RuntimeStats$ProgressTicker
2017-06-05 00:34:40,773-0500 INFO RuntimeStats$ProgressTicker
2017-06-05 00:35:00,773-0500 INFO RuntimeStats$ProgressTicker
2017-06-05 00:35:00,773-0500 INFO RuntimeStats$ProgressTicker
2017-06-05 00:35:00,773-0500 INFO RuntimeStats$ProgressTicker
2017-06-05 00:35:00,773-0500 INFO RuntimeStats$ProgressTicker
2017-06-05 00:35:00,773-0500 INFO RuntimeStats$ProgressTicker
2017-06-05 00:35:20,773-0500 INFO RuntimeStats$ProgressTicker
2017-06-05 00:35:20,773-0500 INFO RuntimeStats$ProgressTicker
2017-06-05 00:35:20,773-0500 INFO RuntimeStats$ProgressTicker
2017-06-05 00:35:20,773-0500 INFO RuntimeStats$ProgressTicker
2017-06-05 00:35:20,773-0500 INFO RuntimeStats$ProgressTicker
2017-06-05 00:35:40,773-0500 INFO RuntimeStats$ProgressTicker
2017-06-05 00:35:40,773-0500 INFO RuntimeStats$ProgressTicker
2017-06-05 00:35:40,773-0500 INFO RuntimeStats$ProgressTicker
2017-06-05 00:35:40,773-0500 INFO RuntimeStats$ProgressTicker
2017-06-05 00:35:40,773-0500 INFO RuntimeStats$ProgressTicker
2017-06-05 00:36:00,773-0500 INFO RuntimeStats$ProgressTicker
2017-06-05 00:36:00,773-0500 INFO RuntimeStats$ProgressTicker
2017-06-05 00:36:00,773-0500 INFO RuntimeStats$ProgressTicker
2017-06-05 00:36:00,773-0500 INFO RuntimeStats$ProgressTicker
2017-06-05 00:36:00,773-0500 INFO RuntimeStats$ProgressTicker
2017-06-05 00:36:20,773-0500 INFO RuntimeStats$ProgressTicker
2017-06-05 00:36:20,773-0500 INFO RuntimeStats$ProgressTicker
2017-06-05 00:36:20,773-0500 INFO RuntimeStats$ProgressTicker
2017-06-05 00:36:20,773-0500 INFO RuntimeStats$ProgressTicker
2017-06-05 00:36:20,773-0500 INFO RuntimeStats$ProgressTicker
2017-06-05 00:36:40,773-0500 INFO RuntimeStats$ProgressTicker
2017-06-05 00:36:40,773-0500 INFO RuntimeStats$ProgressTicker
2017-06-05 00:36:40,773-0500 INFO RuntimeStats$ProgressTicker
2017-06-05 00:36:40,773-0500 INFO RuntimeStats$ProgressTicker
2017-06-05 00:36:40,773-0500 INFO RuntimeStats$ProgressTicker
2017-06-05 00:37:00,773-0500 INFO RuntimeStats$ProgressTicker
2017-06-05 00:37:00,773-0500 INFO RuntimeStats$ProgressTicker
2017-06-05 00:37:00,773-0500 INFO RuntimeStats$ProgressTicker
2017-06-05 00:37:00,773-0500 INFO RuntimeStats$ProgressTicker
2017-06-05 00:37:00,773-0500 INFO RuntimeStats$ProgressTicker
2017-06-05 00:37:20,773-0500 INFO RuntimeStats$ProgressTicker
2017-06-05 00:37:20,773-0500 INFO RuntimeStats$ProgressTicker
2017-06-05 00:37:20,773-0500 INFO RuntimeStats$ProgressTicker
2017-06-05 00:37:20,773-0500 INFO RuntimeStats$ProgressTicker
2017-06-05 00:37:20,773-0500 INFO RuntimeStats$ProgressTicker
2017-06-05 00:37:40,773-0500 INFO RuntimeStats$ProgressTicker
2017-06-05 00:37:40,773-0500 INFO RuntimeStats$ProgressTicker
2017-06-05 00:37:40,773-0500 INFO RuntimeStats$ProgressTicker
2017-06-05 00:37:40,773-0500 INFO RuntimeStats$ProgressTicker
2017-06-05 00:37:40,773-0500 INFO RuntimeStats$ProgressTicker
2017-06-05 00:38:00,773-0500 INFO RuntimeStats$ProgressTicker
2017-06-05 00:38:00,773-0500 INFO RuntimeStats$ProgressTicker
2017-06-05 00:38:00,773-0500 INFO RuntimeStats$ProgressTicker
2017-06-05 00:38:00,773-0500 INFO RuntimeStats$ProgressTicker
2017-06-05 00:38:00,773-0500 INFO RuntimeStats$ProgressTicker
2017-06-05 00:38:20,773-0500 INFO RuntimeStats$ProgressTicker
2017-06-05 00:38:20,773-0500 INFO RuntimeStats$ProgressTicker
2017-06-05 00:38:20,773-0500 INFO RuntimeStats$ProgressTicker
2017-06-05 00:38:20,773-0500 INFO RuntimeStats$ProgressTicker
2017-06-05 00:38:20,773-0500 INFO RuntimeStats$ProgressTicker
2017-06-05 00:38:40,773-0500 INFO RuntimeStats$ProgressTicker
2017-06-05 00:38:40,773-0500 INFO RuntimeStats$ProgressTicker
2017-06-05 00:38:40,773-0500 INFO RuntimeStats$ProgressTicker
2017-06-05 00:38:40,773-0500 INFO RuntimeStats$ProgressTicker
2017-06-05 00:38:40,773-0500 INFO RuntimeStats$ProgressTicker
2017-06-05 00:39:00,773-0500 INFO RuntimeStats$ProgressTicker
2017-06-05 00:39:00,773-0500 INFO RuntimeStats$ProgressTicker
2017-06-05 00:39:00,773-0500 INFO RuntimeStats$ProgressTicker
2017-06-05 00:39:00,773-0500 INFO RuntimeStats$ProgressTicker
2017-06-05 00:39:00,773-0500 INFO RuntimeStats$ProgressTicker
2017-06-05 00:39:20,773-0500 INFO RuntimeStats$ProgressTicker
2017-06-05 00:39:20,773-0500 INFO RuntimeStats$ProgressTicker
2017-06-05 00:39:20,773-0500 INFO RuntimeStats$ProgressTicker
2017-06-05 00:39:20,773-0500 INFO RuntimeStats$ProgressTicker
2017-06-05 00:39:20,773-0500 INFO RuntimeStats$ProgressTicker
2017-06-05 00:39:40,773-0500 INFO RuntimeStats$ProgressTicker
2017-06-05 00:39:40,773-0500 INFO RuntimeStats$ProgressTicker
2017-06-05 00:39:40,773-0500 INFO RuntimeStats$ProgressTicker
2017-06-05 00:39:40,773-0500 INFO RuntimeStats$ProgressTicker
2017-06-05 00:39:40,773-0500 INFO RuntimeStats$ProgressTicker
2017-06-05 00:40:00,773-0500 INFO RuntimeStats$ProgressTicker
2017-06-05 00:40:00,773-0500 INFO RuntimeStats$ProgressTicker
2017-06-05 00:40:00,773-0500 INFO RuntimeStats$ProgressTicker
2017-06-05 00:40:00,773-0500 INFO RuntimeStats$ProgressTicker
2017-06-05 00:40:00,773-0500 INFO RuntimeStats$ProgressTicker
2017-06-05 00:40:20,773-0500 INFO RuntimeStats$ProgressTicker
2017-06-05 00:40:20,773-0500 INFO RuntimeStats$ProgressTicker
2017-06-05 00:40:20,773-0500 INFO RuntimeStats$ProgressTicker
2017-06-05 00:40:20,773-0500 INFO RuntimeStats$ProgressTicker
2017-06-05 00:40:20,773-0500 INFO RuntimeStats$ProgressTicker
2017-06-05 00:40:40,773-0500 INFO RuntimeStats$ProgressTicker
2017-06-05 00:40:40,773-0500 INFO RuntimeStats$ProgressTicker
2017-06-05 00:40:40,773-0500 INFO RuntimeStats$ProgressTicker
2017-06-05 00:40:40,773-0500 INFO RuntimeStats$ProgressTicker
2017-06-05 00:40:40,773-0500 INFO RuntimeStats$ProgressTicker
2017-06-05 00:41:00,773-0500 INFO RuntimeStats$ProgressTicker
2017-06-05 00:41:00,773-0500 INFO RuntimeStats$ProgressTicker
2017-06-05 00:41:00,773-0500 INFO RuntimeStats$ProgressTicker
2017-06-05 00:41:00,773-0500 INFO RuntimeStats$ProgressTicker
2017-06-05 00:41:00,773-0500 INFO RuntimeStats$ProgressTicker
2017-06-05 00:41:20,773-0500 INFO RuntimeStats$ProgressTicker
2017-06-05 00:41:20,773-0500 INFO RuntimeStats$ProgressTicker
2017-06-05 00:41:20,773-0500 INFO RuntimeStats$ProgressTicker
2017-06-05 00:41:20,773-0500 INFO RuntimeStats$ProgressTicker
2017-06-05 00:41:20,773-0500 INFO RuntimeStats$ProgressTicker
2017-06-05 00:41:40,773-0500 INFO RuntimeStats$ProgressTicker
2017-06-05 00:41:40,773-0500 INFO RuntimeStats$ProgressTicker
2017-06-05 00:41:40,773-0500 INFO RuntimeStats$ProgressTicker
2017-06-05 00:41:40,773-0500 INFO RuntimeStats$ProgressTicker
2017-06-05 00:41:40,773-0500 INFO RuntimeStats$ProgressTicker
2017-06-05 00:42:00,773-0500 INFO RuntimeStats$ProgressTicker
2017-06-05 00:42:00,773-0500 INFO RuntimeStats$ProgressTicker
2017-06-05 00:42:00,773-0500 INFO RuntimeStats$ProgressTicker
2017-06-05 00:42:00,773-0500 INFO RuntimeStats$ProgressTicker
2017-06-05 00:42:00,773-0500 INFO RuntimeStats$ProgressTicker
2017-06-05 00:42:20,773-0500 INFO RuntimeStats$ProgressTicker
2017-06-05 00:42:20,773-0500 INFO RuntimeStats$ProgressTicker
2017-06-05 00:42:20,773-0500 INFO RuntimeStats$ProgressTicker
2017-06-05 00:42:20,773-0500 INFO RuntimeStats$ProgressTicker
2017-06-05 00:42:20,773-0500 INFO RuntimeStats$ProgressTicker
2017-06-05 00:42:40,773-0500 INFO RuntimeStats$ProgressTicker
2017-06-05 00:42:40,773-0500 INFO RuntimeStats$ProgressTicker
2017-06-05 00:42:40,773-0500 INFO RuntimeStats$ProgressTicker
2017-06-05 00:42:40,773-0500 INFO RuntimeStats$ProgressTicker
2017-06-05 00:42:40,773-0500 INFO RuntimeStats$ProgressTicker
2017-06-05 00:43:00,773-0500 INFO RuntimeStats$ProgressTicker
2017-06-05 00:43:00,773-0500 INFO RuntimeStats$ProgressTicker
2017-06-05 00:43:00,773-0500 INFO RuntimeStats$ProgressTicker
2017-06-05 00:43:00,773-0500 INFO RuntimeStats$ProgressTicker
2017-06-05 00:43:00,773-0500 INFO RuntimeStats$ProgressTicker
2017-06-05 00:43:20,773-0500 INFO RuntimeStats$ProgressTicker
2017-06-05 00:43:20,773-0500 INFO RuntimeStats$ProgressTicker
2017-06-05 00:43:20,773-0500 INFO RuntimeStats$ProgressTicker
2017-06-05 00:43:20,773-0500 INFO RuntimeStats$ProgressTicker
2017-06-05 00:43:20,773-0500 INFO RuntimeStats$ProgressTicker
2017-06-05 00:43:40,773-0500 INFO RuntimeStats$ProgressTicker
2017-06-05 00:43:40,773-0500 INFO RuntimeStats$ProgressTicker
2017-06-05 00:43:40,773-0500 INFO RuntimeStats$ProgressTicker
2017-06-05 00:43:40,773-0500 INFO RuntimeStats$ProgressTicker
2017-06-05 00:43:40,773-0500 INFO RuntimeStats$ProgressTicker
2017-06-05 00:44:00,773-0500 INFO RuntimeStats$ProgressTicker
2017-06-05 00:44:00,773-0500 INFO RuntimeStats$ProgressTicker
2017-06-05 00:44:00,773-0500 INFO RuntimeStats$ProgressTicker
2017-06-05 00:44:00,773-0500 INFO RuntimeStats$ProgressTicker
2017-06-05 00:44:00,773-0500 INFO RuntimeStats$ProgressTicker
2017-06-05 00:44:20,773-0500 INFO RuntimeStats$ProgressTicker
2017-06-05 00:44:20,773-0500 INFO RuntimeStats$ProgressTicker
2017-06-05 00:44:20,773-0500 INFO RuntimeStats$ProgressTicker
2017-06-05 00:44:20,773-0500 INFO RuntimeStats$ProgressTicker
2017-06-05 00:44:20,773-0500 INFO RuntimeStats$ProgressTicker
2017-06-05 00:44:40,773-0500 INFO RuntimeStats$ProgressTicker
2017-06-05 00:44:40,773-0500 INFO RuntimeStats$ProgressTicker
2017-06-05 00:44:40,773-0500 INFO RuntimeStats$ProgressTicker
2017-06-05 00:44:40,773-0500 INFO RuntimeStats$ProgressTicker
2017-06-05 00:44:40,773-0500 INFO RuntimeStats$ProgressTicker
2017-06-05 00:45:00,773-0500 INFO RuntimeStats$ProgressTicker
2017-06-05 00:45:00,773-0500 INFO RuntimeStats$ProgressTicker
2017-06-05 00:45:00,773-0500 INFO RuntimeStats$ProgressTicker
2017-06-05 00:45:00,773-0500 INFO RuntimeStats$ProgressTicker
2017-06-05 00:45:00,773-0500 INFO RuntimeStats$ProgressTicker
2017-06-05 00:45:20,773-0500 INFO RuntimeStats$ProgressTicker
2017-06-05 00:45:20,773-0500 INFO RuntimeStats$ProgressTicker
2017-06-05 00:45:20,773-0500 INFO RuntimeStats$ProgressTicker
2017-06-05 00:45:20,773-0500 INFO RuntimeStats$ProgressTicker
2017-06-05 00:45:20,773-0500 INFO RuntimeStats$ProgressTicker
2017-06-05 00:45:40,773-0500 INFO RuntimeStats$ProgressTicker
2017-06-05 00:45:40,773-0500 INFO RuntimeStats$ProgressTicker
2017-06-05 00:45:40,773-0500 INFO RuntimeStats$ProgressTicker
2017-06-05 00:45:40,773-0500 INFO RuntimeStats$ProgressTicker
2017-06-05 00:45:40,773-0500 INFO RuntimeStats$ProgressTicker
2017-06-05 00:46:00,773-0500 INFO RuntimeStats$ProgressTicker
2017-06-05 00:46:00,773-0500 INFO RuntimeStats$ProgressTicker
2017-06-05 00:46:00,773-0500 INFO RuntimeStats$ProgressTicker
2017-06-05 00:46:00,773-0500 INFO RuntimeStats$ProgressTicker
2017-06-05 00:46:00,773-0500 INFO RuntimeStats$ProgressTicker
2017-06-05 00:46:20,773-0500 INFO RuntimeStats$ProgressTicker
2017-06-05 00:46:20,773-0500 INFO RuntimeStats$ProgressTicker
2017-06-05 00:46:20,773-0500 INFO RuntimeStats$ProgressTicker
2017-06-05 00:46:20,773-0500 INFO RuntimeStats$ProgressTicker
2017-06-05 00:46:20,773-0500 INFO RuntimeStats$ProgressTicker
2017-06-05 00:46:40,773-0500 INFO RuntimeStats$ProgressTicker
2017-06-05 00:46:40,773-0500 INFO RuntimeStats$ProgressTicker
2017-06-05 00:46:40,773-0500 INFO RuntimeStats$ProgressTicker
2017-06-05 00:46:40,773-0500 INFO RuntimeStats$ProgressTicker
2017-06-05 00:46:40,773-0500 INFO RuntimeStats$ProgressTicker
2017-06-05 00:47:00,773-0500 INFO RuntimeStats$ProgressTicker
2017-06-05 00:47:00,773-0500 INFO RuntimeStats$ProgressTicker
2017-06-05 00:47:00,773-0500 INFO RuntimeStats$ProgressTicker
2017-06-05 00:47:00,773-0500 INFO RuntimeStats$ProgressTicker
2017-06-05 00:47:00,773-0500 INFO RuntimeStats$ProgressTicker
2017-06-05 00:47:20,773-0500 INFO RuntimeStats$ProgressTicker
2017-06-05 00:47:20,773-0500 INFO RuntimeStats$ProgressTicker
2017-06-05 00:47:20,773-0500 INFO RuntimeStats$ProgressTicker
2017-06-05 00:47:20,773-0500 INFO RuntimeStats$ProgressTicker
2017-06-05 00:47:20,773-0500 INFO RuntimeStats$ProgressTicker
2017-06-05 00:47:40,773-0500 INFO RuntimeStats$ProgressTicker
2017-06-05 00:47:40,773-0500 INFO RuntimeStats$ProgressTicker
2017-06-05 00:47:40,773-0500 INFO RuntimeStats$ProgressTicker
2017-06-05 00:47:40,773-0500 INFO RuntimeStats$ProgressTicker
2017-06-05 00:47:40,773-0500 INFO RuntimeStats$ProgressTicker
2017-06-05 00:48:00,773-0500 INFO RuntimeStats$ProgressTicker
2017-06-05 00:48:00,773-0500 INFO RuntimeStats$ProgressTicker
2017-06-05 00:48:00,773-0500 INFO RuntimeStats$ProgressTicker
2017-06-05 00:48:00,773-0500 INFO RuntimeStats$ProgressTicker
2017-06-05 00:48:00,773-0500 INFO RuntimeStats$ProgressTicker
2017-06-05 00:48:20,773-0500 INFO RuntimeStats$ProgressTicker
2017-06-05 00:48:20,773-0500 INFO RuntimeStats$ProgressTicker
2017-06-05 00:48:20,773-0500 INFO RuntimeStats$ProgressTicker
2017-06-05 00:48:20,773-0500 INFO RuntimeStats$ProgressTicker
2017-06-05 00:48:20,773-0500 INFO RuntimeStats$ProgressTicker
2017-06-05 00:48:40,773-0500 INFO RuntimeStats$ProgressTicker
2017-06-05 00:48:40,773-0500 INFO RuntimeStats$ProgressTicker
2017-06-05 00:48:40,773-0500 INFO RuntimeStats$ProgressTicker
2017-06-05 00:48:40,773-0500 INFO RuntimeStats$ProgressTicker
2017-06-05 00:48:40,773-0500 INFO RuntimeStats$ProgressTicker
2017-06-05 00:49:00,773-0500 INFO RuntimeStats$ProgressTicker
2017-06-05 00:49:00,773-0500 INFO RuntimeStats$ProgressTicker
2017-06-05 00:49:00,773-0500 INFO RuntimeStats$ProgressTicker
2017-06-05 00:49:00,773-0500 INFO RuntimeStats$ProgressTicker
2017-06-05 00:49:00,773-0500 INFO RuntimeStats$ProgressTicker
2017-06-05 00:49:20,773-0500 INFO RuntimeStats$ProgressTicker
2017-06-05 00:49:20,773-0500 INFO RuntimeStats$ProgressTicker
2017-06-05 00:49:20,773-0500 INFO RuntimeStats$ProgressTicker
2017-06-05 00:49:20,773-0500 INFO RuntimeStats$ProgressTicker
2017-06-05 00:49:20,773-0500 INFO RuntimeStats$ProgressTicker
2017-06-05 00:49:40,773-0500 INFO RuntimeStats$ProgressTicker
2017-06-05 00:49:40,773-0500 INFO RuntimeStats$ProgressTicker
2017-06-05 00:49:40,773-0500 INFO RuntimeStats$ProgressTicker
2017-06-05 00:49:40,773-0500 INFO RuntimeStats$ProgressTicker
2017-06-05 00:49:40,773-0500 INFO RuntimeStats$ProgressTicker
2017-06-05 00:50:00,773-0500 DEBUG swift JOB_END jobid=fmtask_2D
2017-06-05 00:50:00,773-0500 INFO RuntimeStats$ProgressTicker
2017-06-05 00:50:00,773-0500 INFO RuntimeStats$ProgressTicker
2017-06-05 00:50:00,773-0500 INFO RuntimeStats$ProgressTicker
2017-06-05 00:50:00,773-0500 INFO RuntimeStats$ProgressTicker
2017-06-05 00:50:00,773-0500 INFO RuntimeStats$ProgressTicker
2017-06-05 00:50:20,773-0500 INFO RuntimeStats$ProgressTicker
2017-06-05 00:50:20,773-0500 INFO RuntimeStats$ProgressTicker
2017-06-05 00:50:20,773-0500 INFO RuntimeStats$ProgressTicker
2017-06-05 00:50:20,773-0500 INFO RuntimeStats$ProgressTicker
2017-06-05 00:50:40,773-0500 INFO RuntimeStats$ProgressTicker
2017-06-05 00:50:40,773-0500 INFO RuntimeStats$ProgressTicker
2017-06-05 00:50:40,773-0500 INFO RuntimeStats$ProgressTicker
2017-06-05 00:50:40,773-0500 INFO RuntimeStats$ProgressTicker
2017-06-05 00:51:00,773-0500 INFO RuntimeStats$ProgressTicker
2017-06-05 00:51:00,773-0500 INFO RuntimeStats$ProgressTicker
2017-06-05 00:51:00,773-0500 INFO RuntimeStats$ProgressTicker
2017-06-05 00:51:00,773-0500 INFO RuntimeStats$ProgressTicker
2017-06-05 00:51:20,773-0500 INFO RuntimeStats$ProgressTicker
2017-06-05 00:51:20,773-0500 INFO RuntimeStats$ProgressTicker
2017-06-05 00:51:20,773-0500 INFO RuntimeStats$ProgressTicker
2017-06-05 00:51:20,773-0500 INFO RuntimeStats$ProgressTicker
2017-06-05 00:51:40,773-0500 INFO RuntimeStats$ProgressTicker
2017-06-05 00:51:40,773-0500 INFO RuntimeStats$ProgressTicker
2017-06-05 00:51:40,773-0500 INFO RuntimeStats$ProgressTicker
2017-06-05 00:51:40,773-0500 INFO RuntimeStats$ProgressTicker
2017-06-05 00:52:00,773-0500 INFO RuntimeStats$ProgressTicker
2017-06-05 00:52:00,773-0500 INFO RuntimeStats$ProgressTicker
2017-06-05 00:52:00,773-0500 INFO RuntimeStats$ProgressTicker
2017-06-05 00:52:00,773-0500 INFO RuntimeStats$ProgressTicker
2017-06-05 00:52:20,773-0500 INFO RuntimeStats$ProgressTicker
2017-06-05 00:52:20,773-0500 INFO RuntimeStats$ProgressTicker
2017-06-05 00:52:20,773-0500 INFO RuntimeStats$ProgressTicker
2017-06-05 00:52:20,773-0500 INFO RuntimeStats$ProgressTicker
2017-06-05 00:52:40,773-0500 INFO RuntimeStats$ProgressTicker
2017-06-05 00:52:40,773-0500 INFO RuntimeStats$ProgressTicker
2017-06-05 00:52:40,773-0500 INFO RuntimeStats$ProgressTicker
2017-06-05 00:52:40,773-0500 INFO RuntimeStats$ProgressTicker
2017-06-05 00:53:00,773-0500 INFO RuntimeStats$ProgressTicker
2017-06-05 00:53:00,773-0500 INFO RuntimeStats$ProgressTicker
2017-06-05 00:53:00,773-0500 INFO RuntimeStats$ProgressTicker
2017-06-05 00:53:00,773-0500 INFO RuntimeStats$ProgressTicker
2017-06-05 00:53:20,773-0500 INFO RuntimeStats$ProgressTicker
2017-06-05 00:53:20,773-0500 INFO RuntimeStats$ProgressTicker
2017-06-05 00:53:20,773-0500 INFO RuntimeStats$ProgressTicker
2017-06-05 00:53:20,773-0500 INFO RuntimeStats$ProgressTicker
2017-06-05 00:53:40,773-0500 INFO RuntimeStats$ProgressTicker
2017-06-05 00:53:40,773-0500 INFO RuntimeStats$ProgressTicker
2017-06-05 00:53:40,773-0500 INFO RuntimeStats$ProgressTicker
2017-06-05 00:53:40,773-0500 INFO RuntimeStats$ProgressTicker
2017-06-05 00:54:00,773-0500 INFO RuntimeStats$ProgressTicker
2017-06-05 00:54:00,773-0500 INFO RuntimeStats$ProgressTicker
2017-06-05 00:54:00,773-0500 INFO RuntimeStats$ProgressTicker
2017-06-05 00:54:00,773-0500 INFO RuntimeStats$ProgressTicker
2017-06-05 00:54:20,773-0500 INFO RuntimeStats$ProgressTicker
2017-06-05 00:54:20,773-0500 INFO RuntimeStats$ProgressTicker
2017-06-05 00:54:20,773-0500 INFO RuntimeStats$ProgressTicker
2017-06-05 00:54:20,773-0500 INFO RuntimeStats$ProgressTicker
2017-06-05 00:54:40,773-0500 INFO RuntimeStats$ProgressTicker
2017-06-05 00:54:40,773-0500 INFO RuntimeStats$ProgressTicker
2017-06-05 00:54:40,773-0500 INFO RuntimeStats$ProgressTicker
2017-06-05 00:54:40,773-0500 INFO RuntimeStats$ProgressTicker
2017-06-05 00:55:00,773-0500 INFO RuntimeStats$ProgressTicker
2017-06-05 00:55:00,773-0500 INFO RuntimeStats$ProgressTicker
2017-06-05 00:55:00,773-0500 INFO RuntimeStats$ProgressTicker
2017-06-05 00:55:00,773-0500 INFO RuntimeStats$ProgressTicker
2017-06-05 00:55:20,773-0500 INFO RuntimeStats$ProgressTicker
2017-06-05 00:55:20,773-0500 INFO RuntimeStats$ProgressTicker
2017-06-05 00:55:20,773-0500 INFO RuntimeStats$ProgressTicker
2017-06-05 00:55:20,773-0500 INFO RuntimeStats$ProgressTicker
2017-06-05 00:55:40,773-0500 INFO RuntimeStats$ProgressTicker
2017-06-05 00:55:40,773-0500 INFO RuntimeStats$ProgressTicker
2017-06-05 00:55:40,773-0500 INFO RuntimeStats$ProgressTicker
2017-06-05 00:55:40,773-0500 INFO RuntimeStats$ProgressTicker
2017-06-05 00:56:00,773-0500 INFO RuntimeStats$ProgressTicker
2017-06-05 00:56:00,773-0500 INFO RuntimeStats$ProgressTicker
2017-06-05 00:56:00,773-0500 INFO RuntimeStats$ProgressTicker
2017-06-05 00:56:00,773-0500 INFO RuntimeStats$ProgressTicker
2017-06-05 00:56:20,773-0500 INFO RuntimeStats$ProgressTicker
2017-06-05 00:56:20,773-0500 INFO RuntimeStats$ProgressTicker
2017-06-05 00:56:20,773-0500 INFO RuntimeStats$ProgressTicker
2017-06-05 00:56:20,773-0500 INFO RuntimeStats$ProgressTicker
2017-06-05 00:56:40,773-0500 INFO RuntimeStats$ProgressTicker
2017-06-05 00:56:40,773-0500 INFO RuntimeStats$ProgressTicker
2017-06-05 00:56:40,773-0500 INFO RuntimeStats$ProgressTicker
2017-06-05 00:56:40,773-0500 INFO RuntimeStats$ProgressTicker
2017-06-05 00:57:00,773-0500 INFO RuntimeStats$ProgressTicker
2017-06-05 00:57:00,773-0500 INFO RuntimeStats$ProgressTicker
2017-06-05 00:57:00,773-0500 INFO RuntimeStats$ProgressTicker
2017-06-05 00:57:00,773-0500 INFO RuntimeStats$ProgressTicker
2017-06-05 00:57:20,773-0500 INFO RuntimeStats$ProgressTicker
2017-06-05 00:57:20,773-0500 INFO RuntimeStats$ProgressTicker
2017-06-05 00:57:20,773-0500 INFO RuntimeStats$ProgressTicker
2017-06-05 00:57:20,773-0500 INFO RuntimeStats$ProgressTicker
2017-06-05 00:57:40,773-0500 INFO RuntimeStats$ProgressTicker
2017-06-05 00:57:40,773-0500 INFO RuntimeStats$ProgressTicker
2017-06-05 00:57:40,773-0500 INFO RuntimeStats$ProgressTicker
2017-06-05 00:57:40,773-0500 INFO RuntimeStats$ProgressTicker
2017-06-05 00:58:00,773-0500 INFO RuntimeStats$ProgressTicker
2017-06-05 00:58:00,773-0500 INFO RuntimeStats$ProgressTicker
2017-06-05 00:58:00,773-0500 INFO RuntimeStats$ProgressTicker
2017-06-05 00:58:00,773-0500 INFO RuntimeStats$ProgressTicker
2017-06-05 00:58:20,773-0500 INFO RuntimeStats$ProgressTicker
2017-06-05 00:58:20,773-0500 INFO RuntimeStats$ProgressTicker
2017-06-05 00:58:20,773-0500 INFO RuntimeStats$ProgressTicker
2017-06-05 00:58:20,773-0500 INFO RuntimeStats$ProgressTicker
2017-06-05 00:58:40,773-0500 INFO RuntimeStats$ProgressTicker
2017-06-05 00:58:40,773-0500 INFO RuntimeStats$ProgressTicker
2017-06-05 00:58:40,773-0500 INFO RuntimeStats$ProgressTicker
2017-06-05 00:58:40,773-0500 INFO RuntimeStats$ProgressTicker
2017-06-05 00:59:00,773-0500 INFO RuntimeStats$ProgressTicker
2017-06-05 00:59:00,773-0500 INFO RuntimeStats$ProgressTicker
2017-06-05 00:59:00,773-0500 INFO RuntimeStats$ProgressTicker
2017-06-05 00:59:00,773-0500 INFO RuntimeStats$ProgressTicker
2017-06-05 00:59:20,773-0500 INFO RuntimeStats$ProgressTicker
2017-06-05 00:59:20,773-0500 INFO RuntimeStats$ProgressTicker
2017-06-05 00:59:20,773-0500 INFO RuntimeStats$ProgressTicker
2017-06-05 00:59:20,773-0500 INFO RuntimeStats$ProgressTicker
2017-06-05 00:59:40,773-0500 INFO RuntimeStats$ProgressTicker
2017-06-05 00:59:40,773-0500 INFO RuntimeStats$ProgressTicker
2017-06-05 00:59:40,773-0500 INFO RuntimeStats$ProgressTicker
2017-06-05 00:59:40,773-0500 INFO RuntimeStats$ProgressTicker
2017-06-05 01:00:00,773-0500 INFO RuntimeStats$ProgressTicker
2017-06-05 01:00:00,773-0500 INFO RuntimeStats$ProgressTicker
2017-06-05 01:00:00,773-0500 INFO RuntimeStats$ProgressTicker
2017-06-05 01:00:00,773-0500 INFO RuntimeStats$ProgressTicker
2017-06-05 01:00:20,773-0500 INFO RuntimeStats$ProgressTicker
2017-06-05 01:00:20,773-0500 INFO RuntimeStats$ProgressTicker
2017-06-05 01:00:20,773-0500 INFO RuntimeStats$ProgressTicker
2017-06-05 01:00:20,773-0500 INFO RuntimeStats$ProgressTicker
2017-06-05 01:00:40,773-0500 INFO RuntimeStats$ProgressTicker
2017-06-05 01:00:40,773-0500 INFO RuntimeStats$ProgressTicker
2017-06-05 01:00:40,773-0500 INFO RuntimeStats$ProgressTicker
2017-06-05 01:00:40,773-0500 INFO RuntimeStats$ProgressTicker
2017-06-05 01:01:00,773-0500 INFO RuntimeStats$ProgressTicker
2017-06-05 01:01:00,773-0500 INFO RuntimeStats$ProgressTicker
2017-06-05 01:01:00,773-0500 INFO RuntimeStats$ProgressTicker
2017-06-05 01:01:00,773-0500 INFO RuntimeStats$ProgressTicker
2017-06-05 01:01:20,773-0500 INFO RuntimeStats$ProgressTicker
2017-06-05 01:01:20,773-0500 INFO RuntimeStats$ProgressTicker
2017-06-05 01:01:20,773-0500 INFO RuntimeStats$ProgressTicker
2017-06-05 01:01:20,773-0500 INFO RuntimeStats$ProgressTicker
2017-06-05 01:01:40,773-0500 INFO RuntimeStats$ProgressTicker
2017-06-05 01:01:40,773-0500 INFO RuntimeStats$ProgressTicker
2017-06-05 01:01:40,773-0500 INFO RuntimeStats$ProgressTicker
2017-06-05 01:01:40,773-0500 INFO RuntimeStats$ProgressTicker
2017-06-05 01:02:00,773-0500 INFO RuntimeStats$ProgressTicker
2017-06-05 01:02:00,773-0500 INFO RuntimeStats$ProgressTicker
2017-06-05 01:02:00,773-0500 INFO RuntimeStats$ProgressTicker
2017-06-05 01:02:00,773-0500 INFO RuntimeStats$ProgressTicker
2017-06-05 01:02:20,773-0500 INFO RuntimeStats$ProgressTicker
2017-06-05 01:02:20,773-0500 INFO RuntimeStats$ProgressTicker
2017-06-05 01:02:20,773-0500 INFO RuntimeStats$ProgressTicker
2017-06-05 01:02:20,773-0500 INFO RuntimeStats$ProgressTicker
2017-06-05 01:02:40,773-0500 INFO RuntimeStats$ProgressTicker
2017-06-05 01:02:40,773-0500 INFO RuntimeStats$ProgressTicker
2017-06-05 01:02:40,773-0500 INFO RuntimeStats$ProgressTicker
2017-06-05 01:02:40,773-0500 INFO RuntimeStats$ProgressTicker
2017-06-05 01:03:00,773-0500 INFO RuntimeStats$ProgressTicker
2017-06-05 01:03:00,773-0500 INFO RuntimeStats$ProgressTicker
2017-06-05 01:03:00,773-0500 INFO RuntimeStats$ProgressTicker
2017-06-05 01:03:00,773-0500 INFO RuntimeStats$ProgressTicker
2017-06-05 01:03:20,773-0500 INFO RuntimeStats$ProgressTicker
2017-06-05 01:03:20,773-0500 INFO RuntimeStats$ProgressTicker
2017-06-05 01:03:20,773-0500 INFO RuntimeStats$ProgressTicker
2017-06-05 01:03:20,773-0500 INFO RuntimeStats$ProgressTicker
2017-06-05 01:03:40,773-0500 INFO RuntimeStats$ProgressTicker
2017-06-05 01:03:40,773-0500 INFO RuntimeStats$ProgressTicker
2017-06-05 01:03:40,773-0500 INFO RuntimeStats$ProgressTicker
2017-06-05 01:03:40,773-0500 INFO RuntimeStats$ProgressTicker
2017-06-05 01:04:00,773-0500 INFO RuntimeStats$ProgressTicker
2017-06-05 01:04:00,773-0500 INFO RuntimeStats$ProgressTicker
2017-06-05 01:04:00,773-0500 INFO RuntimeStats$ProgressTicker
2017-06-05 01:04:00,773-0500 INFO RuntimeStats$ProgressTicker
2017-06-05 01:04:20,773-0500 INFO RuntimeStats$ProgressTicker
2017-06-05 01:04:20,773-0500 INFO RuntimeStats$ProgressTicker
2017-06-05 01:04:20,773-0500 INFO RuntimeStats$ProgressTicker
2017-06-05 01:04:20,773-0500 INFO RuntimeStats$ProgressTicker
2017-06-05 01:04:40,773-0500 INFO RuntimeStats$ProgressTicker
2017-06-05 01:04:40,773-0500 INFO RuntimeStats$ProgressTicker
2017-06-05 01:04:40,773-0500 INFO RuntimeStats$ProgressTicker
2017-06-05 01:04:40,773-0500 INFO RuntimeStats$ProgressTicker
2017-06-05 01:05:00,773-0500 INFO RuntimeStats$ProgressTicker
2017-06-05 01:05:00,773-0500 INFO RuntimeStats$ProgressTicker
2017-06-05 01:05:00,773-0500 INFO RuntimeStats$ProgressTicker
2017-06-05 01:05:00,773-0500 INFO RuntimeStats$ProgressTicker
2017-06-05 01:05:20,773-0500 INFO RuntimeStats$ProgressTicker
2017-06-05 01:05:20,773-0500 INFO RuntimeStats$ProgressTicker
2017-06-05 01:05:20,773-0500 INFO RuntimeStats$ProgressTicker
2017-06-05 01:05:20,773-0500 INFO RuntimeStats$ProgressTicker
2017-06-05 01:05:40,773-0500 INFO RuntimeStats$ProgressTicker
2017-06-05 01:05:40,773-0500 INFO RuntimeStats$ProgressTicker
2017-06-05 01:05:40,773-0500 INFO RuntimeStats$ProgressTicker
2017-06-05 01:05:40,773-0500 INFO RuntimeStats$ProgressTicker
2017-06-05 01:06:00,773-0500 INFO RuntimeStats$ProgressTicker
2017-06-05 01:06:00,773-0500 INFO RuntimeStats$ProgressTicker
2017-06-05 01:06:00,773-0500 INFO RuntimeStats$ProgressTicker
2017-06-05 01:06:00,773-0500 INFO RuntimeStats$ProgressTicker
2017-06-05 01:06:20,773-0500 INFO RuntimeStats$ProgressTicker
2017-06-05 01:06:20,773-0500 INFO RuntimeStats$ProgressTicker
2017-06-05 01:06:20,773-0500 INFO RuntimeStats$ProgressTicker
2017-06-05 01:06:20,773-0500 INFO RuntimeStats$ProgressTicker
2017-06-05 01:06:40,773-0500 DEBUG swift JOB_END jobid=fmtask_2D_1D
2017-06-05 01:06:40,773-0500 INFO RuntimeStats$ProgressTicker
2017-06-05 01:06:40,773-0500 INFO RuntimeStats$ProgressTicker
2017-06-05 01:06:40,773-0500 INFO RuntimeStats$ProgressTicker
2017-06-05 01:06:40,773-0500 INFO RuntimeStats$ProgressTicker
2017-06-05 01:07:00,773-0500 INFO RuntimeStats$ProgressTicker
2017-06-05 01:07:00,773-0500 INFO RuntimeStats$ProgressTicker
2017-06-05 01:07:00,773-0500 INFO RuntimeStats$ProgressTicker
2017-06-05 01:07:20,773-0500 INFO RuntimeStats$ProgressTicker
2017-06-05 01:07:20,773-0500 INFO RuntimeStats$ProgressTicker
2017-06-05 01:07:20,773-0500 INFO RuntimeStats$ProgressTicker
2017-06-05 01:07:40,773-0500 INFO RuntimeStats$ProgressTicker
2017-06-05 01:07:40,773-0500 INFO RuntimeStats$ProgressTicker
2017-06-05 01:07:40,773-0500 INFO RuntimeStats$ProgressTicker
2017-06-05 01:08:00,773-0500 INFO RuntimeStats$ProgressTicker
2017-06-05 01:08:00,773-0500 INFO RuntimeStats$ProgressTicker
2017-06-05 01:08:00,773-0500 INFO RuntimeStats$ProgressTicker
2017-06-05 01:08:20,773-0500 INFO RuntimeStats$ProgressTicker
2017-06-05 01:08:20,773-0500 INFO RuntimeStats$ProgressTicker
2017-06-05 01:08:20,773-0500 INFO RuntimeStats$ProgressTicker
2017-06-05 01:08:40,773-0500 INFO RuntimeStats$ProgressTicker
2017-06-05 01:08:40,773-0500 INFO RuntimeStats$ProgressTicker
2017-06-05 01:08:40,773-0500 INFO RuntimeStats$ProgressTicker
2017-06-05 01:09:00,773-0500 INFO RuntimeStats$ProgressTicker
2017-06-05 01:09:00,773-0500 INFO RuntimeStats$ProgressTicker
2017-06-05 01:09:00,773-0500 INFO RuntimeStats$ProgressTicker
2017-06-05 01:09:20,773-0500 INFO RuntimeStats$ProgressTicker
2017-06-05 01:09:20,773-0500 INFO RuntimeStats$ProgressTicker
2017-06-05 01:09:20,773-0500 INFO RuntimeStats$ProgressTicker
2017-06-05 01:09:40,773-0500 INFO RuntimeStats$ProgressTicker
2017-06-05 01:09:40,773-0500 INFO RuntimeStats$ProgressTicker
2017-06-05 01:09:40,773-0500 INFO RuntimeStats$ProgressTicker
2017-06-05 01:10:00,773-0500 INFO RuntimeStats$ProgressTicker
2017-06-05 01:10:00,773-0500 INFO RuntimeStats$ProgressTicker
2017-06-05 01:10:00,773-0500 INFO RuntimeStats$ProgressTicker
2017-06-05 01:10:20,773-0500 INFO RuntimeStats$ProgressTicker
2017-06-05 01:10:20,773-0500 INFO RuntimeStats$ProgressTicker
2017-06-05 01:10:20,773-0500 INFO RuntimeStats$ProgressTicker
2017-06-05 01:10:40,773-0500 INFO RuntimeStats$ProgressTicker
2017-06-05 01:10:40,773-0500 INFO RuntimeStats$ProgressTicker
2017-06-05 01:10:40,773-0500 INFO RuntimeStats$ProgressTicker
2017-06-05 01:11:00,773-0500 INFO RuntimeStats$ProgressTicker
2017-06-05 01:11:00,773-0500 INFO RuntimeStats$ProgressTicker
2017-06-05 01:11:00,773-0500 INFO RuntimeStats$ProgressTicker
2017-06-05 01:11:20,773-0500 INFO RuntimeStats$ProgressTicker
2017-06-05 01:11:20,773-0500 INFO RuntimeStats$ProgressTicker
2017-06-05 01:11:20,773-0500 INFO RuntimeStats$ProgressTicker
2017-06-05 01:11:40,773-0500 INFO RuntimeStats$ProgressTicker
2017-06-05 01:11:40,773-0500 INFO RuntimeStats$ProgressTicker
2017-06-05 01:11:40,773-0500 INFO RuntimeStats$ProgressTicker
2017-06-05 01:12:00,773-0500 INFO RuntimeStats$ProgressTicker
2017-06-05 01:12:00,773-0500 INFO RuntimeStats$ProgressTicker
2017-06-05 01:12:00,773-0500 INFO RuntimeStats$ProgressTicker
2017-06-05 01:12:20,773-0500 INFO RuntimeStats$ProgressTicker
2017-06-05 01:12:20,773-0500 INFO RuntimeStats$ProgressTicker
2017-06-05 01:12:20,773-0500 INFO RuntimeStats$ProgressTicker
2017-06-05 01:12:40,773-0500 INFO RuntimeStats$ProgressTicker
2017-06-05 01:12:40,773-0500 INFO RuntimeStats$ProgressTicker
2017-06-05 01:12:40,773-0500 INFO RuntimeStats$ProgressTicker
2017-06-05 01:13:00,773-0500 INFO RuntimeStats$ProgressTicker
2017-06-05 01:13:00,773-0500 INFO RuntimeStats$ProgressTicker
2017-06-05 01:13:00,773-0500 INFO RuntimeStats$ProgressTicker
2017-06-05 01:13:20,773-0500 INFO RuntimeStats$ProgressTicker
2017-06-05 01:13:20,773-0500 INFO RuntimeStats$ProgressTicker
2017-06-05 01:13:20,773-0500 INFO RuntimeStats$ProgressTicker
2017-06-05 01:13:40,773-0500 INFO RuntimeStats$ProgressTicker
2017-06-05 01:13:40,773-0500 INFO RuntimeStats$ProgressTicker
2017-06-05 01:13:40,773-0500 INFO RuntimeStats$ProgressTicker
2017-06-05 01:14:00,773-0500 INFO RuntimeStats$ProgressTicker
2017-06-05 01:14:00,773-0500 INFO RuntimeStats$ProgressTicker
2017-06-05 01:14:00,773-0500 INFO RuntimeStats$ProgressTicker
2017-06-05 01:14:20,773-0500 INFO RuntimeStats$ProgressTicker
2017-06-05 01:14:20,773-0500 INFO RuntimeStats$ProgressTicker
2017-06-05 01:14:20,773-0500 INFO RuntimeStats$ProgressTicker
2017-06-05 01:14:40,773-0500 INFO RuntimeStats$ProgressTicker
2017-06-05 01:14:40,773-0500 INFO RuntimeStats$ProgressTicker
2017-06-05 01:14:40,773-0500 INFO RuntimeStats$ProgressTicker
2017-06-05 01:15:00,773-0500 INFO RuntimeStats$ProgressTicker
2017-06-05 01:15:00,773-0500 INFO RuntimeStats$ProgressTicker
2017-06-05 01:15:00,773-0500 INFO RuntimeStats$ProgressTicker
2017-06-05 01:15:20,773-0500 INFO RuntimeStats$ProgressTicker
2017-06-05 01:15:20,773-0500 INFO RuntimeStats$ProgressTicker
2017-06-05 01:15:20,773-0500 INFO RuntimeStats$ProgressTicker
2017-06-05 01:15:40,773-0500 INFO RuntimeStats$ProgressTicker
2017-06-05 01:15:40,773-0500 INFO RuntimeStats$ProgressTicker
2017-06-05 01:15:40,773-0500 INFO RuntimeStats$ProgressTicker
2017-06-05 01:16:00,773-0500 INFO RuntimeStats$ProgressTicker
2017-06-05 01:16:00,773-0500 INFO RuntimeStats$ProgressTicker
2017-06-05 01:16:00,773-0500 INFO RuntimeStats$ProgressTicker
2017-06-05 01:16:20,773-0500 INFO RuntimeStats$ProgressTicker
2017-06-05 01:16:20,773-0500 INFO RuntimeStats$ProgressTicker
2017-06-05 01:16:20,773-0500 INFO RuntimeStats$ProgressTicker
2017-06-05 01:16:40,773-0500 INFO RuntimeStats$ProgressTicker
2017-06-05 01:16:40,773-0500 INFO RuntimeStats$ProgressTicker
2017-06-05 01:16:40,773-0500 INFO RuntimeStats$ProgressTicker
2017-06-05 01:17:00,773-0500 INFO RuntimeStats$ProgressTicker
2017-06-05 01:17:00,773-0500 INFO RuntimeStats$ProgressTicker
2017-06-05 01:17:00,773-0500 INFO RuntimeStats$ProgressTicker
2017-06-05 01:17:20,773-0500 INFO RuntimeStats$ProgressTicker
2017-06-05 01:17:20,773-0500 INFO RuntimeStats$ProgressTicker
2017-06-05 01:17:20,773-0500 INFO RuntimeStats$ProgressTicker
2017-06-05 01:17:40,773-0500 INFO RuntimeStats$ProgressTicker
2017-06-05 01:17:40,773-0500 INFO RuntimeStats$ProgressTicker
2017-06-05 01:17:40,773-0500 INFO RuntimeStats$ProgressTicker
2017-06-05 01:18:00,773-0500 INFO RuntimeStats$ProgressTicker
2017-06-05 01:18:00,773-0500 INFO RuntimeStats$ProgressTicker
2017-06-05 01:18:00,773-0500 INFO RuntimeStats$ProgressTicker
2017-06-05 01:18:20,773-0500 INFO RuntimeStats$ProgressTicker
2017-06-05 01:18:20,773-0500 INFO RuntimeStats$ProgressTicker
2017-06-05 01:18:20,773-0500 INFO RuntimeStats$ProgressTicker
2017-06-05 01:18:40,773-0500 INFO RuntimeStats$ProgressTicker
2017-06-05 01:18:40,773-0500 INFO RuntimeStats$ProgressTicker
2017-06-05 01:18:40,773-0500 INFO RuntimeStats$ProgressTicker
2017-06-05 01:19:00,773-0500 INFO RuntimeStats$ProgressTicker
2017-06-05 01:19:00,773-0500 INFO RuntimeStats$ProgressTicker
2017-06-05 01:19:00,773-0500 INFO RuntimeStats$ProgressTicker
2017-06-05 01:19:20,773-0500 INFO RuntimeStats$ProgressTicker
2017-06-05 01:19:20,773-0500 INFO RuntimeStats$ProgressTicker
2017-06-05 01:19:20,773-0500 INFO RuntimeStats$ProgressTicker
2017-06-05 01:19:40,773-0500 INFO RuntimeStats$ProgressTicker
2017-06-05 01:19:40,773-0500 INFO RuntimeStats$ProgressTicker
2017-06-05 01:19:40,773-0500 INFO RuntimeStats$ProgressTicker
2017-06-05 01:20:00,773-0500 INFO RuntimeStats$ProgressTicker
2017-06-05 01:20:00,773-0500 INFO RuntimeStats$ProgressTicker
2017-06-05 01:20:00,773-0500 INFO RuntimeStats$ProgressTicker
2017-06-05 01:20:20,773-0500 INFO RuntimeStats$ProgressTicker
2017-06-05 01:20:20,773-0500 INFO RuntimeStats$ProgressTicker
2017-06-05 01:20:20,773-0500 INFO RuntimeStats$ProgressTicker
2017-06-05 01:20:40,773-0500 INFO RuntimeStats$ProgressTicker
2017-06-05 01:20:40,773-0500 INFO RuntimeStats$ProgressTicker
2017-06-05 01:20:40,773-0500 INFO RuntimeStats$ProgressTicker
2017-06-05 01:21:00,773-0500 INFO RuntimeStats$ProgressTicker
2017-06-05 01:21:00,773-0500 INFO RuntimeStats$ProgressTicker
2017-06-05 01:21:00,773-0500 INFO RuntimeStats$ProgressTicker
2017-06-05 01:21:20,773-0500 INFO RuntimeStats$ProgressTicker
2017-06-05 01:21:20,773-0500 INFO RuntimeStats$ProgressTicker
2017-06-05 01:21:20,773-0500 INFO RuntimeStats$ProgressTicker
2017-06-05 01:21:40,773-0500 INFO RuntimeStats$ProgressTicker
2017-06-05 01:21:40,773-0500 INFO RuntimeStats$ProgressTicker
2017-06-05 01:21:40,773-0500 INFO RuntimeStats$ProgressTicker
2017-06-05 01:22:00,773-0500 INFO RuntimeStats$ProgressTicker
2017-06-05 01:22:00,773-0500 INFO RuntimeStats$ProgressTicker
2017-06-05 01:22:00,773-0500 INFO RuntimeStats$ProgressTicker
2017-06-05 01:22:20,773-0500 INFO RuntimeStats$ProgressTicker
2017-06-05 01:22:20,773-0500 INFO RuntimeStats$ProgressTicker
2017-06-05 01:22:20,773-0500 INFO RuntimeStats$ProgressTicker
2017-06-05 01:22:40,773-0500 INFO RuntimeStats$ProgressTicker
2017-06-05 01:22:40,773-0500 INFO RuntimeStats$ProgressTicker
2017-06-05 01:22:40,773-0500 INFO RuntimeStats$ProgressTicker
2017-06-05 01:23:00,773-0500 INFO RuntimeStats$ProgressTicker
2017-06-05 01:23:00,773-0500 INFO RuntimeStats$ProgressTicker
2017-06-05 01:23:00,773-0500 INFO RuntimeStats$ProgressTicker
2017-06-05 01:23:20,773-0500 DEBUG swift JOB_END jobid=fmtask_Tuflow
2017-06-05 01:23:20,773-0500 INFO RuntimeStats$ProgressTicker
2017-06-05 01:23:20,773-0500 INFO RuntimeStats$ProgressTicker
2017-06-05 01:23:20,773-0500 INFO RuntimeStats$ProgressTicker
2017-06-05 01:23:40,773-0500 INFO RuntimeStats$ProgressTicker
2017-06-05 01:23:40,773-0500 INFO RuntimeStats$ProgressTicker
2017-06-05 01:24:00,773-0500 INFO RuntimeStats$ProgressTicker
2017-06-05 01:24:00,773-0500 INFO RuntimeStats$ProgressTicker
2017-06-05 01:24:20,773-0500 INFO RuntimeStats$ProgressTicker
2017-06-05 01:24:20,773-0500 INFO RuntimeStats$ProgressTicker
2017-06-05 01:24:40,773-0500 INFO RuntimeStats$ProgressTicker
2017-06-05 01:24:40,773-0500 INFO RuntimeStats$ProgressTicker
2017-06-05 01:25:00,773-0500 INFO RuntimeStats$ProgressTicker
2017-06-05 01:25:00,773-0500 INFO RuntimeStats$ProgressTicker
2017-06-05 01:25:20,773-0500 INFO RuntimeStats$ProgressTicker
2017-06-05 01:25:20,773-0500 INFO RuntimeStats$ProgressTicker
2017-06-05 01:25:40,773-0500 INFO RuntimeStats$ProgressTicker
2017-06-05 01:25:40,773-0500 INFO RuntimeStats$ProgressTicker
2017-06-05 01:26:00,773-0500 INFO RuntimeStats$ProgressTicker
2017-06-05 01:26:00,773-0500 INFO RuntimeStats$ProgressTicker
2017-06-05 01:26:20,773-0500 INFO RuntimeStats$ProgressTicker
2017-06-05 01:26:20,773-0500 INFO RuntimeStats$ProgressTicker
2017-06-05 01:26:40,773-0500 INFO RuntimeStats$ProgressTicker
2017-06-05 01:26:40,773-0500 INFO RuntimeStats$ProgressTicker
2017-06-05 01:27:00,773-0500 INFO RuntimeStats$ProgressTicker
2017-06-05 01:27:00,773-0500 INFO RuntimeStats$ProgressTicker
2017-06-05 01:27:20,773-0500 INFO RuntimeStats$ProgressTicker
2017-06-05 01:27:20,773-0500 INFO RuntimeStats$ProgressTicker
2017-06-05 01:27:40,773-0500 INFO RuntimeStats$ProgressTicker
2017-06-05 01:27:40,773-0500 INFO RuntimeStats$ProgressTicker
2017-06-05 01:28:00,773-0500 INFO RuntimeStats$ProgressTicker
2017-06-05 01:28:00,773-0500 INFO RuntimeStats$ProgressTicker
2017-06-05 01:28:20,773-0500 INFO RuntimeStats$ProgressTicker
2017-06-05 01:28:20,773-0500 INFO RuntimeStats$ProgressTicker
2017-06-05 01:28:40,773-0500 INFO RuntimeStats$ProgressTicker
2017-06-05 01:28:40,773-0500 INFO RuntimeStats$ProgressTicker
2017-06-05 01:29:00,773-0500 INFO RuntimeStats$ProgressTicker
2017-06-05 01:29:00,773-0500 INFO RuntimeStats$ProgressTicker
2017-06-05 01:29:20,773-0500 INFO RuntimeStats$ProgressTicker
2017-06-05 01:29:20,773-0500 INFO RuntimeStats$ProgressTicker
2017-06-05 01:29:40,773-0500 INFO RuntimeStats$ProgressTicker
2017-06-05 01:29:40,773-0500 INFO RuntimeStats$ProgressTicker
2017-06-05 01:30:00,773-0500 INFO RuntimeStats$ProgressTicker
2017-06-05 01:30:00,773-0500 INFO RuntimeStats$ProgressTicker
2017-06-05 01:30:20,773-0500 INFO RuntimeStats$ProgressTicker
2017-06-05 01:30:20,773-0500 INFO RuntimeStats$ProgressTicker
2017-06-05 01:30:40,773-0500 INFO RuntimeStats$ProgressTicker
2017-06-05 01:30:40,773-0500 INFO RuntimeStats$ProgressTicker
2017-06-05 01:31:00,773-0500 INFO RuntimeStats$ProgressTicker
2017-06-05 01:31:00,773-0500 INFO RuntimeStats$ProgressTicker
2017-06-05 01:31:20,773-0500 INFO RuntimeStats$ProgressTicker
2017-06-05 01:31:20,773-0500 INFO RuntimeStats$ProgressTicker
2017-06-05 01:31:40,773-0500 INFO RuntimeStats$ProgressTicker
2017-06-05 01:31:40,773-0500 INFO RuntimeStats$ProgressTicker
2017-06-05 01:32:00,773-0500 INFO RuntimeStats$ProgressTicker
2017-06-05 01:32:00,773-0500 INFO RuntimeStats$ProgressTicker
2017-06-05 01:32:20,773-0500 INFO RuntimeStats$ProgressTicker
2017-06-05 01:32:20,773-0500 INFO RuntimeStats$ProgressTicker
2017-06-05 01:32:40,773-0500 INFO RuntimeStats$ProgressTicker
2017-06-05 01:32:40,773-0500 INFO RuntimeStats$ProgressTicker
2017-06-05 01:33:00,773-0500 INFO RuntimeStats$ProgressTicker
2017-06-05 01:33:00,773-0500 INFO RuntimeStats$ProgressTicker
2017-06-05 01:33:20,773-0500 INFO RuntimeStats$ProgressTicker
2017-06-05 01:33:20,773-0500 INFO RuntimeStats$ProgressTicker
2017-06-05 01:33:40,773-0500 INFO RuntimeStats$ProgressTicker
2017-06-05 01:33:40,773-0500 INFO RuntimeStats$ProgressTicker
2017-06-05 01:34:00,773-0500 INFO RuntimeStats$ProgressTicker
2017-06-05 01:34:00,773-0500 INFO RuntimeStats$ProgressTicker
2017-06-05 01:34:20,773-0500 INFO RuntimeStats$ProgressTicker
2017-06-05 01:34:20,773-0500 INFO RuntimeStats$ProgressTicker
2017-06-05 01:34:40,773-0500 INFO RuntimeStats$ProgressTicker
2017-06-05 01:34:40,773-0500 INFO RuntimeStats$ProgressTicker
2017-06-05 01:35:00,773-0500 INFO RuntimeStats$ProgressTicker
2017-06-05 01:35:00,773-0500 INFO RuntimeStats$ProgressTicker
2017-06-05 01:35:20,773-0500 INFO RuntimeStats$ProgressTicker
2017-06-05 01:35:20,773-0500 INFO RuntimeStats$ProgressTicker
2017-06-05 01:35:40,773-0500 INFO RuntimeStats$ProgressTicker
2017-06-05 01:35:40,773-0500 INFO RuntimeStats$ProgressTicker
2017-06-05 01:36:00,773-0500 INFO RuntimeStats$ProgressTicker
2017-06-05 01:36:00,773-0500 INFO RuntimeStats$ProgressTicker
2017-06-05 01:36:20,773-0500 INFO RuntimeStats$ProgressTicker
2017-06-05 01:36:20,773-0500 INFO RuntimeStats$ProgressTicker
2017-06-05 01:36:40,773-0500 INFO RuntimeStats$ProgressTicker
2017-06-05 01:36:40,773-0500 INFO RuntimeStats$ProgressTicker
2017-06-05 01:37:00,773-0500 INFO RuntimeStats$ProgressTicker
2017-06-05 01:37:00,773-0500 INFO RuntimeStats$ProgressTicker
2017-06-05 01:37:20,773-0500 INFO RuntimeStats$ProgressTicker
2017-06-05 01:37:20,773-0500 INFO RuntimeStats$ProgressTicker
2017-06-05 01:37:40,773-0500 INFO RuntimeStats$ProgressTicker
2017-06-05 01:37:40,773-0500 INFO RuntimeStats$ProgressTicker
2017-06-05 01:38:00,773-0500 INFO RuntimeStats$ProgressTicker
2017-06-05 01:38:00,773-0500 INFO RuntimeStats$ProgressTicker
2017-06-05 01:38:20,773-0500 INFO RuntimeStats$ProgressTicker
2017-06-05 01:38:20,773-0500 INFO RuntimeStats$ProgressTicker
2017-06-05 01:38:40,773-0500 INFO RuntimeStats$ProgressTicker
2017-06-05 01:38:40,773-0500 INFO RuntimeStats$ProgressTicker
2017-06-05 01:39:00,773-0500 INFO RuntimeStats$ProgressTicker
2017-06-05 01:39:00,773-0500 INFO RuntimeStats$ProgressTicker
2017-06-05 01:39:20,773-0500 INFO RuntimeStats$ProgressTicker
2017-06-05 01:39:20,773-0500 INFO RuntimeStats$ProgressTicker
2017-06-05 01:39:40,773-0500 INFO RuntimeStats$ProgressTicker
2017-06-05 01:39:40,773-0500 INFO RuntimeStats$ProgressTicker
2017-06-05 01:40:00,773-0500 DEBUG swift JOB_END jobid=fmtask_Other
2017-06-05 01:40:00,773-0500 INFO RuntimeStats$ProgressTicker
2017-06-05 01:40:00,773-0500 INFO RuntimeStats$ProgressTicker
2017-06-05 01:40:20,773-0500 INFO RuntimeStats$ProgressTicker
2017-06-05 01:40:40,773-0500 INFO RuntimeStats$ProgressTicker
2017-06-05 01:41:00,773-0500 INFO RuntimeStats$ProgressTicker
2017-06-05 01:41:20,773-0500 INFO RuntimeStats$ProgressTicker
2017-06-05 01:41:40,773-0500 INFO RuntimeStats$ProgressTicker
2017-06-05 01:42:00,773-0500 INFO RuntimeStats$ProgressTicker
2017-06-05 01:42:20,773-0500 INFO RuntimeStats$ProgressTicker
2017-06-05 01:42:40,773-0500 INFO RuntimeStats$ProgressTicker
2017-06-05 01:43:00,773-0500 INFO RuntimeStats$ProgressTicker
2017-06-05 01:43:20,773-0500 INFO RuntimeStats$ProgressTicker
2017-06-05 01:43:40,773-0500 INFO RuntimeStats$ProgressTicker
2017-06-05 01:44:00,773-0500 INFO RuntimeStats$ProgressTicker
2017-06-05 01:44:20,773-0500 INFO RuntimeStats$ProgressTicker
2017-06-05 01:44:40,773-0500 INFO RuntimeStats$ProgressTicker
2017-06-05 01:45:00,773-0500 INFO RuntimeStats$ProgressTicker
2017-06-05 01:45:20,773-0500 INFO RuntimeStats$ProgressTicker
2017-06-05 01:45:40,773-0500 INFO RuntimeStats$ProgressTicker
2017-06-05 01:46:00,773-0500 INFO RuntimeStats$ProgressTicker
2017-06-05 01:46:20,773-0500 INFO RuntimeStats$ProgressTicker
2017-06-05 01:46:40,773-0500 INFO RuntimeStats$ProgressTicker
2017-06-05 01:47:00,773-0500 INFO RuntimeStats$ProgressTicker
2017-06-05 01:47:20,773-0500 INFO RuntimeStats$ProgressTicker
2017-06-05 01:47:40,773-0500 INFO RuntimeStats$ProgressTicker
2017-06-05 01:48:00,773-0500 INFO RuntimeStats$ProgressTicker
2017-06-05 01:48:20,773-0500 INFO RuntimeStats$ProgressTicker
2017-06-05 01:48:40,773-0500 INFO RuntimeStats$ProgressTicker
2017-06-05 01:49:00,773-0500 INFO RuntimeStats$ProgressTicker
2017-06-05 01:49:20,773-0500 INFO RuntimeStats$ProgressTicker
2017-06-05 01:49:40,773-0500 INFO RuntimeStats$ProgressTicker
2017-06-05 01:50:00,773-0500 INFO RuntimeStats$ProgressTicker
2017-06-05 01:50:20,773-0500 INFO RuntimeStats$ProgressTicker
2017-06-05 01:50:40,773-0500 INFO RuntimeStats$ProgressTicker
2017-06-05 01:51:00,773-0500 INFO RuntimeStats$ProgressTicker
2017-06-05 01:51:20,773-0500 INFO RuntimeStats$ProgressTicker
2017-06-05 01:51:40,773-0500 INFO RuntimeStats$ProgressTicker
2017-06-05 01:52:00,773-0500 INFO RuntimeStats$ProgressTicker
2017-06-05 01:52:20,773-0500 INFO RuntimeStats$ProgressTicker
2017-06-05 01:52:40,773-0500 INFO RuntimeStats$ProgressTicker
2017-06-05 01:53:00,773-0500 INFO RuntimeStats$ProgressTicker
2017-06-05 01:53:20,773-0500 INFO RuntimeStats$ProgressTicker
2017-06-05 01:53:40,773-0500 INFO RuntimeStats$ProgressTicker
2017-06-05 01:54:00,773-0500 INFO RuntimeStats$ProgressTicker
2017-06-05 01:54:20,773-0500 INFO RuntimeStats$ProgressTicker
2017-06-05 01:54:40,773-0500 INFO RuntimeStats$ProgressTicker
2017-06-05 01:55:00,773-0500 INFO RuntimeStats$ProgressTicker
2017-06-05 01:55:20,773-0500 INFO RuntimeStats$ProgressTicker
2017-06-05 01:55:40,773-0500 INFO RuntimeStats$ProgressTicker
2017-06-05 01:56:00,773-0500 INFO RuntimeStats$ProgressTicker
2017-06-05 01:56:20,773-0500 INFO RuntimeStats$ProgressTicker
2017-06-05 01:56:40,773-0500 INFO RuntimeStats$ProgressTicker
2017-06-05 01:57:00,773-0500 INFO RuntimeStats$ProgressTicker
2017-06-05 01:57:20,773-0500 INFO RuntimeStats$ProgressTicker
2017-06-05 01:57:40,773-0500 INFO RuntimeStats$ProgressTicker
2017-06-05 01:58:00,773-0500 INFO RuntimeStats$ProgressTicker
2017-06-05 01:58:20,773-0500 INFO RuntimeStats$ProgressTicker
2017-06-05 01:58:40,773-0500 INFO RuntimeStats$ProgressTicker
2017-06-05 01:59:00,773-0500 INFO RuntimeStats$ProgressTicker
2017-06-05 01:59:20,773-0500 INFO RuntimeStats$ProgressTicker
2017-06-05 01:59:40,773-0500 INFO RuntimeStats$ProgressTicker
2017-06-05 02:00:00,773-0500 INFO RuntimeStats$ProgressTicker
2017-06-05 02:00:20,773-0500 INFO RuntimeStats$ProgressTicker
2017-06-05 02:00:40,773-0500 INFO RuntimeStats$ProgressTicker
2017-06-05 02:01:00,773-0500 INFO RuntimeStats$ProgressTicker
2017-06-05 02:01:20,773-0500 INFO RuntimeStats$ProgressTicker
2017-06-05 02:01:40,773-0500 INFO RuntimeStats$ProgressTicker
2017-06-05 02:02:00,773-0500 INFO RuntimeStats$ProgressTicker
2017-06-05 02:02:20,773-0500 INFO RuntimeStats$ProgressTicker
2017-06-05 02:02:40,773-0500 INFO RuntimeStats$ProgressTicker
2017-06-05 02:03:00,773-0500 INFO RuntimeStats$ProgressTicker
2017-06-05 02:03:20,773-0500 INFO RuntimeStats$ProgressTicker
2017-06-05 02:03:40,773-0500 INFO RuntimeStats$ProgressTicker
2017-06-05 02:04:00,773-0500 INFO RuntimeStats$ProgressTicker
2017-06-05 02:04:20,773-0500 INFO RuntimeStats$ProgressTicker
2017-06-05 02:04:40,773-0500 INFO RuntimeStats$ProgressTicker
2017-06-05 02:05:00,773-0500 INFO RuntimeStats$ProgressTicker
2017-06-05 02:05:20,773-0500 INFO RuntimeStats$ProgressTicker
2017-06-05 02:05:40,773-0500 INFO RuntimeStats$ProgressTicker
2017-06-05 02:06:00,773-0500 INFO RuntimeStats$ProgressTicker
2017-06-05 02:06:20,773-0500 INFO RuntimeStats$ProgressTicker
2017-06-05 02:06:40,773-0500 INFO RuntimeStats$ProgressTicker
2017-06-05 02:07:00,773-0500 INFO RuntimeStats$ProgressTicker
2017-06-05 02:07:20,773-0500 INFO RuntimeStats$ProgressTicker
2017-06-05 02:07:40,773-0500 INFO RuntimeStats$ProgressTicker
2017-06-05 02:08:00,773-0500 INFO RuntimeStats$ProgressTicker
2017-06-05 02:08:20,773-0500 INFO RuntimeStats$ProgressTicker
2017-06-05 02:08:40,773-0500 INFO RuntimeStats$ProgressTicker
2017-06-05 02:09:00,773-0500 INFO RuntimeStats$ProgressTicker
2017-06-05 02:09:20,773-0500 INFO RuntimeStats$ProgressTicker
2017-06-05 02:09:40,773-0500 INFO RuntimeStats$ProgressTicker
2017-06-05 02:10:00,773-0500 INFO RuntimeStats$ProgressTicker
2017-06-05 02:10:20,773-0500 INFO RuntimeStats$ProgressTicker
2017-06-05 02:10:40,773-0500 INFO RuntimeStats$ProgressTicker
2017-06-05 02:11:00,773-0500 INFO RuntimeStats$ProgressTicker
2017-06-05 02:11:20,773-0500 INFO RuntimeStats$ProgressTicker
2017-06-05 02:11:40,773-0500 INFO RuntimeStats$ProgressTicker
2017-06-05 02:12:00,773-0500 INFO RuntimeStats$ProgressTicker
2017-06-05 02:12:20,773-0500 INFO RuntimeStats$ProgressTicker
2017-06-05 02:12:40,773-0500 INFO RuntimeStats$ProgressTicker
2017-06-05 02:13:00,773-0500 INFO RuntimeStats$ProgressTicker
2017-06-05 02:13:20,773-0500 DEBUG swift JOB_END jobid=defaultrate
2017-06-05 02:13:20,773-0500 DEBUG swift Starting cleanups
2017-06-05 02:13:20,773-0500 INFO RuntimeStats$ProgressTicker
